[0m[[0m[0mdebug[0m] [0m[0m> Exec(early(addDefaultCommands), None, None)[0m
[0m[[0m[0mdebug[0m] [0m[0m> Exec(addDefaultCommands, None, None)[0m
[0m[[0m[0mdebug[0m] [0m[0m> Exec(early(initialize), None, None)[0m
[0m[[0m[0mdebug[0m] [0m[0m> Exec(initialize, None, None)[0m
[0m[[0m[0mdebug[0m] [0m[0m> Exec(boot, None, None)[0m
[0m[[0m[0mdebug[0m] [0m[0m> Exec(writeSbtVersion, None, None)[0m
[0m[[0m[0mdebug[0m] [0m[0m> Exec(reload, None, None)[0m
[0m[[0m[0mdebug[0m] [0m[0m> Exec(sbtStashOnFailure, None, None)[0m
[0m[[0m[0mdebug[0m] [0m[0m> Exec(onFailure loadFailed, None, None)[0m
[0m[[0m[0mdebug[0m] [0m[0m> Exec(loadp, None, None)[0m
[0m[[0m[0minfo[0m] [0m[0mwelcome to sbt 1.6.2 (Oracle Corporation Java 1.8.0_321)[0m
[0m[[0m[0mdebug[0m] [0m[0mLoad.defaultLoad until apply took 335.1247ms[0m
[0m[[0m[0mdebug[0m] [0m[0m          Load.loadUnit: plugins took 64.3352ms[0m
[0m[[0m[0mdebug[0m] [0m[0m          Load.loadUnit: defsScala took 0.2469ms[0m
[0m[[0m[0mdebug[0m] [0m[0m[Loading] Scanning directory C:\Users\shrutis\Downloads\play-samples-play-java-starter-example\bookstoreapp\project[0m
[0m[[0m[0mdebug[0m] [0m[0m            Load.loadUnit: mkEval took 6.2799ms[0m
[0m[[0m[0mdebug[0m] [0m[0m[Loading] Found non-root projects [0m
[0m[[0m[0mdebug[0m] [0m[0m[Loading] Done in C:\Users\shrutis\Downloads\play-samples-play-java-starter-example\bookstoreapp\project, returning: ()[0m
[0m[[0m[0mdebug[0m] [0m[0mdeducing auto plugins based on known facts Set(Atom(sbt.plugins.CorePlugin)) and clauses Clauses(Clause(Atom(sbt.plugins.JvmPlugin),Set(Atom(sbt.plugins.IvyPlugin)))[0m
[0m[[0m[0mdebug[0m] [0m[0mClause(Atom(sbt.ScriptedPlugin),Set(Atom(sbt.plugins.JvmPlugin)))[0m
[0m[[0m[0mdebug[0m] [0m[0mClause(Atom(sbt.plugins.SbtPlugin),Set(Atom(sbt.ScriptedPlugin)))[0m
[0m[[0m[0mdebug[0m] [0m[0mClause(Atom(sbt.plugins.SemanticdbPlugin),Set(Atom(sbt.plugins.JvmPlugin)))[0m
[0m[[0m[0mdebug[0m] [0m[0mClause(Atom(sbt.plugins.JUnitXmlReportPlugin),Set(Atom(sbt.plugins.JvmPlugin)))[0m
[0m[[0m[0mdebug[0m] [0m[0mClause(Atom(sbt.plugins.MiniDependencyTreePlugin),Set(Atom(sbt.plugins.JvmPlugin)))[0m
[0m[[0m[0mdebug[0m] [0m[0mClause(Atom(sbt.plugins.CorePlugin),Set(Atom(sbt.plugins.IvyPlugin)))[0m
[0m[[0m[0mdebug[0m] [0m[0mClause(Atom(sbt.plugins.IvyPlugin),Set(Atom(sbt.plugins.JvmPlugin)))[0m
[0m[[0m[0mdebug[0m] [0m[0mClause(Atom(sbt.plugins.JvmPlugin),Set(Atom(sbt.plugins.SemanticdbPlugin)))[0m
[0m[[0m[0mdebug[0m] [0m[0mClause(Atom(sbt.plugins.JvmPlugin),Set(Atom(sbt.plugins.JUnitXmlReportPlugin)))[0m
[0m[[0m[0mdebug[0m] [0m[0mClause(Atom(sbt.plugins.CorePlugin),Set(Atom(sbt.plugins.Giter8TemplatePlugin)))[0m
[0m[[0m[0mdebug[0m] [0m[0mClause(Atom(sbt.plugins.JvmPlugin),Set(Atom(sbt.plugins.MiniDependencyTreePlugin))))[0m
[0m[[0m[0mdebug[0m] [0m[0m  :: deduced result: Matched(sbt.plugins.CorePlugin,sbt.plugins.Giter8TemplatePlugin,sbt.plugins.IvyPlugin,sbt.plugins.JvmPlugin,sbt.plugins.MiniDependencyTreePlugin,sbt.plugins.JUnitXmlReportPlugin,sbt.plugins.SemanticdbPlugin)[0m
[0m[[0m[0mdebug[0m] [0m[0mPlugins.deducer#function took 13.8248 ms[0m
[0m[[0m[0minfo[0m] [0m[0mloading settings for project bookstoreapp-build from plugins.sbt ...[0m
[0m[[0m[0mdebug[0m] [0m[0m              Load.resolveProject(bookstoreapp-build) took 45.7529ms[0m
[0m[[0m[0mdebug[0m] [0m[0m            Load.loadTransitive: finalizeProject(Project(id bookstoreapp-build, base: C:\Users\shrutis\Downloads\play-samples-play-java-starter-example\bookstoreapp\project, plugins: List(<none>))) took 83.1719ms[0m
[0m[[0m[0mdebug[0m] [0m[0m[Loading] Done in C:\Users\shrutis\Downloads\play-samples-play-java-starter-example\bookstoreapp\project, returning: (bookstoreapp-build)[0m
[0m[[0m[0mdebug[0m] [0m[0m          Load.loadUnit: loadedProjectsRaw took 270.8825ms[0m
[0m[[0m[0mdebug[0m] [0m[0m          Load.loadUnit: cleanEvalClasses took 6.5922ms[0m
[0m[[0m[0mdebug[0m] [0m[0m        Load.loadUnit(file:/C:/Users/shrutis/Downloads/play-samples-play-java-starter-example/bookstoreapp/project/, ...) took 346.365ms[0m
[0m[[0m[0mdebug[0m] [0m[0m      Load.apply: load took 431.4261ms[0m
[0m[[0m[0mdebug[0m] [0m[0m      Load.apply: resolveProjects took 4.5081ms[0m
[0m[[0m[0mdebug[0m] [0m[0m      Load.apply: finalTransforms took 46.7462ms[0m
[0m[[0m[0mdebug[0m] [0m[0m      Load.apply: config.delegates took 7.0531ms[0m
[0m[[0m[0mdebug[0m] [0m[0m      Load.apply: Def.make(settings)... took 312.4918ms[0m
[0m[[0m[0mdebug[0m] [0m[0m      Load.apply: structureIndex took 74.2165ms[0m
[0m[[0m[0mdebug[0m] [0m[0m      Load.apply: mkStreams took 1.351ms[0m
[0m[[0m[0minfo[0m] [0m[0mloading project definition from C:\Users\shrutis\Downloads\play-samples-play-java-starter-example\bookstoreapp\project[0m
[0m[[0m[0mdebug[0m] [0m[0mRunning task... Cancel: Signal, check cycles: false, forcegc: true[0m
[0m[[0m[0mdebug[0m] [0m[0m    Load.loadUnit: plugins took 2089.4739ms[0m
[0m[[0m[0mdebug[0m] [0m[0m    Load.loadUnit: defsScala took 0.0034ms[0m
[0m[[0m[0mdebug[0m] [0m[0m[Loading] Scanning directory C:\Users\shrutis\Downloads\play-samples-play-java-starter-example\bookstoreapp[0m
[0m[[0m[0mdebug[0m] [0m[0m      Load.loadUnit: mkEval took 0.4632ms[0m
[0m[[0m[0mdebug[0m] [0m[0m[Loading] Found root project root w/ remaining [0m
[0m[[0m[0mdebug[0m] [0m[0mdeducing auto plugins based on known facts Set(Atom(play.sbt.PlayJava), Atom(sbt.plugins.CorePlugin)) and clauses Clauses(Clause(Atom(sbt.plugins.JvmPlugin),Set(Atom(sbt.plugins.IvyPlugin)))[0m
[0m[[0m[0mdebug[0m] [0m[0mClause(Atom(sbt.ScriptedPlugin),Set(Atom(sbt.plugins.JvmPlugin)))[0m
[0m[[0m[0mdebug[0m] [0m[0mClause(Atom(sbt.plugins.SbtPlugin),Set(Atom(sbt.ScriptedPlugin)))[0m
[0m[[0m[0mdebug[0m] [0m[0mClause(Atom(sbt.plugins.SemanticdbPlugin),Set(Atom(sbt.plugins.JvmPlugin)))[0m
[0m[[0m[0mdebug[0m] [0m[0mClause(Atom(sbt.plugins.JUnitXmlReportPlugin),Set(Atom(sbt.plugins.JvmPlugin)))[0m
[0m[[0m[0mdebug[0m] [0m[0mClause(Atom(sbt.plugins.MiniDependencyTreePlugin),Set(Atom(sbt.plugins.JvmPlugin)))[0m
[0m[[0m[0mdebug[0m] [0m[0mClause(Atom(play.sbt.Play),Set(Atom(play.sbt.routes.RoutesCompiler)))[0m
[0m[[0m[0mdebug[0m] [0m[0mClause(Atom(play.sbt.Play),Set(Atom(com.typesafe.sbt.jse.SbtJsTask)))[0m
[0m[[0m[0mdebug[0m] [0m[0mClause(Atom(play.sbt.Play),Set(Atom(com.typesafe.sbt.packager.archetypes.JavaServerAppPackaging)))[0m
[0m[[0m[0mdebug[0m] [0m[0mClause(Atom(play.sbt.Play),Set(Atom(play.twirl.sbt.SbtTwirl)))[0m
[0m[[0m[0mdebug[0m] [0m[0mClause(Atom(play.sbt.PlayAkkaHttp2Support),Set(Atom(play.sbt.PlayAkkaHttpServer)))[0m
[0m[[0m[0mdebug[0m] [0m[0mClause(Atom(play.sbt.PlayAkkaHttp2Support),Set(Atom(com.lightbend.sbt.javaagent.JavaAgent)))[0m
[0m[[0m[0mdebug[0m] [0m[0mClause(Atom(play.sbt.PlayAkkaHttpServer),Set(Atom(play.sbt.PlayService)))[0m
[0m[[0m[0mdebug[0m] [0m[0mClause(Atom(play.sbt.PlayFilters),Set(Atom(play.sbt.PlayWeb)))[0m
[0m[[0m[0mdebug[0m] [0m[0mClause(Atom(play.sbt.PlayJava),Set(Atom(play.sbt.PlayWeb)))[0m
[0m[[0m[0mdebug[0m] [0m[0mClause(Atom(play.sbt.PlayLayoutPlugin),Set(Atom(play.sbt.PlayWeb)))[0m
[0m[[0m[0mdebug[0m] [0m[0mClause(Atom(play.sbt.PlayLogback),Set(Atom(play.sbt.PlayService)))[0m
[0m[[0m[0mdebug[0m] [0m[0mClause(Atom(play.sbt.PlayMinimalJava),Set(Atom(play.sbt.PlayWeb)))[0m
[0m[[0m[0mdebug[0m] [0m[0mClause(Atom(play.sbt.PlayNettyServer),Set(Atom(play.sbt.PlayService)))[0m
[0m[[0m[0mdebug[0m] [0m[0mClause(Atom(play.sbt.PlayScala),Set(Atom(play.sbt.PlayWeb)))[0m
[0m[[0m[0mdebug[0m] [0m[0mClause(Atom(play.sbt.PlayService),Set(Atom(com.typesafe.sbt.packager.archetypes.JavaServerAppPackaging)))[0m
[0m[[0m[0mdebug[0m] [0m[0mClause(Atom(play.sbt.PlayWeb),Set(Atom(play.sbt.routes.RoutesCompiler)))[0m
[0m[[0m[0mdebug[0m] [0m[0mClause(Atom(play.sbt.PlayWeb),Set(Atom(com.typesafe.sbt.jse.SbtJsTask)))[0m
[0m[[0m[0mdebug[0m] [0m[0mClause(Atom(play.sbt.PlayWeb),Set(Atom(play.sbt.PlayService)))[0m
[0m[[0m[0mdebug[0m] [0m[0mClause(Atom(play.sbt.PlayWeb),Set(Atom(play.twirl.sbt.SbtTwirl)))[0m
[0m[[0m[0mdebug[0m] [0m[0mClause(Atom(play.sbt.routes.RoutesCompiler),Set(Atom(sbt.plugins.JvmPlugin)))[0m
[0m[[0m[0mdebug[0m] [0m[0mClause(Atom(play.sbt.test.MediatorWorkaroundPlugin),Set(Atom(sbt.plugins.JvmPlugin)))[0m
[0m[[0m[0mdebug[0m] [0m[0mClause(Atom(com.typesafe.sbteclipse.plugin.EclipsePlugin),Set(Atom(sbt.plugins.JvmPlugin)))[0m
[0m[[0m[0mdebug[0m] [0m[0mClause(Atom(play.twirl.sbt.SbtTwirl),Set(Atom(sbt.plugins.JvmPlugin)))[0m
[0m[[0m[0mdebug[0m] [0m[0mClause(Atom(com.typesafe.sbt.SbtNativePackager),Set(Atom(sbt.plugins.JvmPlugin)))[0m
[0m[[0m[0mdebug[0m] [0m[0mClause(Atom(com.typesafe.sbt.packager.archetypes.JavaAppPackaging),Set(Atom(com.typesafe.sbt.packager.windows.WindowsPlugin)))[0m
[0m[[0m[0mdebug[0m] [0m[0mClause(Atom(com.typesafe.sbt.packager.archetypes.JavaAppPackaging),Set(Atom(com.typesafe.sbt.packager.docker.DockerPlugin)))[0m
[0m[[0m[0mdebug[0m] [0m[0mClause(Atom(com.typesafe.sbt.packager.archetypes.JavaAppPackaging),Set(Atom(com.typesafe.sbt.packager.debian.DebianPlugin)))[0m
[0m[[0m[0mdebug[0m] [0m[0mClause(Atom(com.typesafe.sbt.packager.archetypes.JavaAppPackaging),Set(Atom(com.typesafe.sbt.packager.rpm.RpmPlugin)))[0m
[0m[[0m[0mdebug[0m] [0m[0mClause(Atom(com.typesafe.sbt.packager.archetypes.JavaServerAppPackaging),Set(Atom(com.typesafe.sbt.packager.archetypes.JavaAppPackaging)))[0m
[0m[[0m[0mdebug[0m] [0m[0mClause(Atom(com.typesafe.sbt.packager.archetypes.jar.ClasspathJarPlugin),Set(Atom(com.typesafe.sbt.packager.archetypes.JavaAppPackaging)))[0m
[0m[[0m[0mdebug[0m] [0m[0mClause(Atom(com.typesafe.sbt.packager.archetypes.jar.LauncherJarPlugin),Set(Atom(com.typesafe.sbt.packager.archetypes.JavaAppPackaging)))[0m
[0m[[0m[0mdebug[0m] [0m[0mClause(Atom(com.typesafe.sbt.packager.archetypes.jlink.JlinkPlugin),Set(Atom(com.typesafe.sbt.packager.archetypes.JavaAppPackaging)))[0m
[0m[[0m[0mdebug[0m] [0m[0mClause(Atom(com.typesafe.sbt.packager.archetypes.scripts.AshScriptPlugin),Set(Atom(com.typesafe.sbt.packager.archetypes.JavaAppPackaging)))[0m
[0m[[0m[0mdebug[0m] [0m[0mClause(Atom(com.typesafe.sbt.packager.archetypes.scripts.AshScriptPlugin),Set(Atom(com.typesafe.sbt.packager.archetypes.scripts.BashStartScriptPlugin)))[0m
[0m[[0m[0mdebug[0m] [0m[0mClause(Atom(com.typesafe.sbt.packager.archetypes.scripts.BashStartScriptPlugin),Set(Atom(com.typesafe.sbt.packager.archetypes.JavaAppPackaging)))[0m
[0m[[0m[0mdebug[0m] [0m[0mClause(Atom(com.typesafe.sbt.packager.archetypes.scripts.BatStartScriptPlugin),Set(Atom(com.typesafe.sbt.packager.archetypes.JavaAppPackaging)))[0m
[0m[[0m[0mdebug[0m] [0m[0mClause(Atom(com.typesafe.sbt.packager.archetypes.systemloader.SystemVPlugin),Set(Atom(com.typesafe.sbt.packager.archetypes.systemloader.SystemloaderPlugin)))[0m
[0m[[0m[0mdebug[0m] [0m[0mClause(Atom(com.typesafe.sbt.packager.archetypes.systemloader.SystemdPlugin),Set(Atom(com.typesafe.sbt.packager.archetypes.systemloader.SystemloaderPlugin)))[0m
[0m[[0m[0mdebug[0m] [0m[0mClause(Atom(com.typesafe.sbt.packager.archetypes.systemloader.SystemloaderPlugin),Set(Atom(com.typesafe.sbt.packager.debian.DebianPlugin)))[0m
[0m[[0m[0mdebug[0m] [0m[0mClause(Atom(com.typesafe.sbt.packager.archetypes.systemloader.SystemloaderPlugin),Set(Atom(com.typesafe.sbt.packager.rpm.RpmPlugin)))[0m
[0m[[0m[0mdebug[0m] [0m[0mClause(Atom(com.typesafe.sbt.packager.archetypes.systemloader.UpstartPlugin),Set(Atom(com.typesafe.sbt.packager.archetypes.systemloader.SystemloaderPlugin)))[0m
[0m[[0m[0mdebug[0m] [0m[0mClause(Atom(com.typesafe.sbt.packager.debian.DebianDeployPlugin),Set(Atom(com.typesafe.sbt.packager.debian.DebianPlugin)))[0m
[0m[[0m[0mdebug[0m] [0m[0mClause(Atom(com.typesafe.sbt.packager.debian.DebianPlugin),Set(Atom(com.typesafe.sbt.packager.linux.LinuxPlugin)))[0m
[0m[[0m[0mdebug[0m] [0m[0mClause(Atom(com.typesafe.sbt.packager.debian.JDebPackaging),Set(Atom(com.typesafe.sbt.packager.debian.DebianPlugin)))[0m
[0m[[0m[0mdebug[0m] [0m[0mClause(Atom(com.typesafe.sbt.packager.docker.DockerPlugin),Set(Atom(com.typesafe.sbt.packager.universal.UniversalPlugin)))[0m
[0m[[0m[0mdebug[0m] [0m[0mClause(Atom(com.typesafe.sbt.packager.docker.DockerSpotifyClientPlugin),Set(Atom(com.typesafe.sbt.packager.docker.DockerPlugin)))[0m
[0m[[0m[0mdebug[0m] [0m[0mClause(Atom(com.typesafe.sbt.packager.graalvmnativeimage.GraalVMNativeImagePlugin),Set(Atom(com.typesafe.sbt.packager.archetypes.JavaAppPackaging)))[0m
[0m[[0m[0mdebug[0m] [0m[0mClause(Atom(com.typesafe.sbt.packager.jdkpackager.JDKPackagerDeployPlugin),Set(Atom(com.typesafe.sbt.packager.jdkpackager.JDKPackagerPlugin)))[0m
[0m[[0m[0mdebug[0m] [0m[0mClause(Atom(com.typesafe.sbt.packager.jdkpackager.JDKPackagerPlugin),Set(Atom(com.typesafe.sbt.packager.archetypes.JavaAppPackaging)))[0m
[0m[[0m[0mdebug[0m] [0m[0mClause(Atom(com.typesafe.sbt.packager.jdkpackager.JDKPackagerPlugin),Set(Atom(com.typesafe.sbt.packager.archetypes.jar.LauncherJarPlugin)))[0m
[0m[[0m[0mdebug[0m] [0m[0mClause(Atom(com.typesafe.sbt.packager.linux.LinuxPlugin),Set(Atom(com.typesafe.sbt.packager.universal.UniversalPlugin)))[0m
[0m[[0m[0mdebug[0m] [0m[0mClause(Atom(com.typesafe.sbt.packager.rpm.RpmDeployPlugin),Set(Atom(com.typesafe.sbt.packager.rpm.RpmPlugin)))[0m
[0m[[0m[0mdebug[0m] [0m[0mClause(Atom(com.typesafe.sbt.packager.rpm.RpmPlugin),Set(Atom(com.typesafe.sbt.packager.linux.LinuxPlugin)))[0m
[0m[[0m[0mdebug[0m] [0m[0mClause(Atom(com.typesafe.sbt.packager.universal.UniversalDeployPlugin),Set(Atom(com.typesafe.sbt.packager.universal.UniversalPlugin)))[0m
[0m[[0m[0mdebug[0m] [0m[0mClause(Atom(com.typesafe.sbt.packager.universal.UniversalPlugin),Set(Atom(com.typesafe.sbt.SbtNativePackager)))[0m
[0m[[0m[0mdebug[0m] [0m[0mClause(Atom(com.typesafe.sbt.packager.windows.WindowsDeployPlugin),Set(Atom(com.typesafe.sbt.packager.windows.WindowsPlugin)))[0m
[0m[[0m[0mdebug[0m] [0m[0mClause(Atom(com.typesafe.sbt.packager.windows.WindowsPlugin),Set(Atom(com.typesafe.sbt.packager.universal.UniversalPlugin)))[0m
[0m[[0m[0mdebug[0m] [0m[0mClause(Atom(com.lightbend.sbt.javaagent.JavaAgent),Set(Atom(sbt.plugins.JvmPlugin)))[0m
[0m[[0m[0mdebug[0m] [0m[0mClause(Atom(com.lightbend.sbt.javaagent.JavaAgentPackaging),Set(Atom(com.lightbend.sbt.javaagent.JavaAgent)))[0m
[0m[[0m[0mdebug[0m] [0m[0mClause(Atom(com.lightbend.sbt.javaagent.JavaAgentPackaging),Set(Atom(com.typesafe.sbt.packager.archetypes.JavaAppPackaging)))[0m
[0m[[0m[0mdebug[0m] [0m[0mClause(Atom(com.typesafe.sbt.web.SbtWeb),Set(Atom(sbt.plugins.JvmPlugin)))[0m
[0m[[0m[0mdebug[0m] [0m[0mClause(Atom(com.typesafe.sbt.jse.SbtJsEngine),Set(Atom(com.typesafe.sbt.web.SbtWeb)))[0m
[0m[[0m[0mdebug[0m] [0m[0mClause(Atom(com.typesafe.sbt.jse.SbtJsTask),Set(Atom(com.typesafe.sbt.jse.SbtJsEngine)))[0m
[0m[[0m[0mdebug[0m] [0m[0mClause(Atom(sbt.plugins.CorePlugin),Set(Atom(sbt.plugins.IvyPlugin)))[0m
[0m[[0m[0mdebug[0m] [0m[0mClause(Atom(sbt.plugins.IvyPlugin),Set(Atom(sbt.plugins.JvmPlugin)))[0m
[0m[[0m[0mdebug[0m] [0m[0mClause(Atom(sbt.plugins.JvmPlugin),Set(Atom(sbt.plugins.SemanticdbPlugin)))[0m
[0m[[0m[0mdebug[0m] [0m[0mClause(Atom(sbt.plugins.JvmPlugin),Set(Atom(sbt.plugins.JUnitXmlReportPlugin)))[0m
[0m[[0m[0mdebug[0m] [0m[0mClause(Atom(sbt.plugins.CorePlugin),Set(Atom(sbt.plugins.Giter8TemplatePlugin)))[0m
[0m[[0m[0mdebug[0m] [0m[0mClause(Atom(sbt.plugins.JvmPlugin),Set(Atom(sbt.plugins.MiniDependencyTreePlugin)))[0m
[0m[[0m[0mdebug[0m] [0m[0mClause(Atom(play.sbt.PlayService),Set(Atom(play.sbt.PlayAkkaHttpServer)))[0m
[0m[[0m[0mdebug[0m] [0m[0mClause(Atom(play.sbt.PlayWeb),Set(Atom(play.sbt.PlayFilters)))[0m
[0m[[0m[0mdebug[0m] [0m[0mClause(Atom(play.sbt.PlayWeb),Set(Atom(play.sbt.PlayLayoutPlugin)))[0m
[0m[[0m[0mdebug[0m] [0m[0mClause(Atom(play.sbt.PlayService),Set(Atom(play.sbt.PlayLogback)))[0m
[0m[[0m[0mdebug[0m] [0m[0mClause(Atom(sbt.plugins.JvmPlugin),Set(Atom(com.typesafe.sbteclipse.plugin.EclipsePlugin)))[0m
[0m[[0m[0mdebug[0m] [0m[0mClause(Atom(com.typesafe.sbt.packager.archetypes.JavaAppPackaging),Set(Atom(com.typesafe.sbt.packager.archetypes.scripts.BashStartScriptPlugin)))[0m
[0m[[0m[0mdebug[0m] [0m[0mClause(Atom(com.typesafe.sbt.packager.archetypes.JavaAppPackaging),Set(Atom(com.typesafe.sbt.packager.archetypes.scripts.BatStartScriptPlugin)))[0m
[0m[[0m[0mdebug[0m] [0m[0mClause(And(Set(Atom(com.lightbend.sbt.javaagent.JavaAgent), Atom(com.typesafe.sbt.packager.archetypes.JavaAppPackaging))),Set(Atom(com.lightbend.sbt.javaagent.JavaAgentPackaging)))[0m
[0m[[0m[0mdebug[0m] [0m[0mClause(Atom(com.typesafe.sbt.web.SbtWeb),Set(Atom(com.typesafe.sbt.jse.SbtJsEngine)))[0m
[0m[[0m[0mdebug[0m] [0m[0mClause(Atom(com.typesafe.sbt.jse.SbtJsEngine),Set(Atom(com.typesafe.sbt.jse.SbtJsTask))))[0m
[0m[[0m[0mdebug[0m] [0m[0m  :: deduced result: Matched(sbt.plugins.CorePlugin,play.sbt.PlayJava,sbt.plugins.Giter8TemplatePlugin,sbt.plugins.IvyPlugin,play.sbt.PlayWeb,play.twirl.sbt.SbtTwirl,sbt.plugins.JvmPlugin,play.sbt.PlayService,play.sbt.PlayFilters,play.sbt.PlayLayoutPlugin,play.sbt.routes.RoutesCompiler,com.typesafe.sbt.jse.SbtJsTask,com.typesafe.sbt.packager.archetypes.JavaServerAppPackaging,com.typesafe.sbteclipse.plugin.EclipsePlugin,sbt.plugins.SemanticdbPlugin,sbt.plugins.JUnitXmlReportPlugin,play.sbt.PlayLogback,sbt.plugins.MiniDependencyTreePlugin,com.typesafe.sbt.jse.SbtJsEngine,play.sbt.PlayAkkaHttpServer,com.typesafe.sbt.web.SbtWeb,com.typesafe.sbt.packager.archetypes.JavaAppPackaging,com.typesafe.sbt.packager.rpm.RpmPlugin,com.typesafe.sbt.packager.archetypes.scripts.BashStartScriptPlugin,com.typesafe.sbt.packager.windows.WindowsPlugin,com.typesafe.sbt.packager.archetypes.scripts.BatStartScriptPlugin,com.typesafe.sbt.packager.docker.DockerPlugin,com.typesafe.sbt.packager.debian.DebianPlugin,com.typesafe.sbt.packager.universal.UniversalPlugin,com.typesafe.sbt.packager.linux.LinuxPlugin,com.typesafe.sbt.SbtNativePackager)[0m
[0m[[0m[0mdebug[0m] [0m[0mPlugins.deducer#function took 12.543 ms[0m
[0m[[0m[0minfo[0m] [0m[0mloading settings for project root from build.sbt ...[0m
[0m[[0m[0mdebug[0m] [0m[0m        Load.resolveProject(root) took 109.2394ms[0m
[0m[[0m[0mdebug[0m] [0m[0m      Load.loadTransitive: finalizeProject(Project(id root, base: C:\Users\shrutis\Downloads\play-samples-play-java-starter-example\bookstoreapp, plugins: List(play.sbt.PlayJava))) took 123.6554ms[0m
[0m[[0m[0mdebug[0m] [0m[0m[Loading] Done in C:\Users\shrutis\Downloads\play-samples-play-java-starter-example\bookstoreapp, returning: (root)[0m
[0m[[0m[0mdebug[0m] [0m[0m    Load.loadUnit: loadedProjectsRaw took 172.8191ms[0m
[0m[[0m[0mdebug[0m] [0m[0m    Load.loadUnit: cleanEvalClasses took 1.2963ms[0m
[0m[[0m[0mdebug[0m] [0m[0m  Load.loadUnit(file:/C:/Users/shrutis/Downloads/play-samples-play-java-starter-example/bookstoreapp/, ...) took 2264.5478ms[0m
[0m[[0m[0mdebug[0m] [0m[0mLoad.apply: load took 2278.7651ms[0m
[0m[[0m[0mdebug[0m] [0m[0mLoad.apply: resolveProjects took 0.1113ms[0m
[0m[[0m[0mdebug[0m] [0m[0mLoad.apply: finalTransforms took 16.5388ms[0m
[0m[[0m[0mdebug[0m] [0m[0mLoad.apply: config.delegates took 0.691ms[0m
[0m[[0m[0mdebug[0m] [0m[0mLoad.apply: Def.make(settings)... took 118.8858ms[0m
[0m[[0m[0mdebug[0m] [0m[0mLoad.apply: structureIndex took 39.766ms[0m
[0m[[0m[0mdebug[0m] [0m[0mLoad.apply: mkStreams took 0.0026ms[0m
[0m[[0m[0minfo[0m] [0m[0m  __              __[0m
[0m[[0m[0minfo[0m] [0m[0m  \ \     ____   / /____ _ __  __[0m
[0m[[0m[0minfo[0m] [0m[0m   \ \   / __ \ / // __ `// / / /[0m
[0m[[0m[0minfo[0m] [0m[0m   / /  / /_/ // // /_/ // /_/ /[0m
[0m[[0m[0minfo[0m] [0m[0m  /_/  / .___//_/ \__,_/ \__, /[0m
[0m[[0m[0minfo[0m] [0m[0m      /_/               /____/[0m
[0m[[0m[0minfo[0m] [0m[0m[0m
[0m[[0m[0minfo[0m] [0m[0mVersion 2.8.15 running Java 1.8.0_321[0m
[0m[[0m[0minfo[0m] [0m[0m[0m
[0m[[0m[0minfo[0m] [0m[0mPlay is run entirely by the community. Please consider contributing and/or donating:[0m
[0m[[0m[0minfo[0m] [0m[0mhttps://www.playframework.com/sponsors[0m
[0m[[0m[0minfo[0m] [0m[0m[0m
[0m[[0m[0mdebug[0m] [0m[0m> Exec(sbtPopOnFailure, None, None)[0m
[0m[[0m[0mdebug[0m] [0m[0m> Exec(resumeFromFailure, None, None)[0m
[0m[[0m[0mdebug[0m] [0m[0m> Exec(notifyUsersAboutShell, None, None)[0m
[0m[[0m[0mdebug[0m] [0m[0m> Exec(iflast shell, None, None)[0m
[0m[[0m[0mdebug[0m] [0m[0m> Exec(run, None, None)[0m
[0m[[0m[0mdebug[0m] [0m[0mEvaluating tasks: Compile / run[0m
[0m[[0m[0mdebug[0m] [0m[0mRunning task... Cancel: Signal, check cycles: false, forcegc: true[0m
[0m[[0m[0mdebug[0m] [0m[0mRunning task... Cancel: Signal, check cycles: false, forcegc: true[0m
[0m[[0m[0minfo[0m] [0m[0mcompiling 1 Scala source to C:\Users\shrutis\Downloads\play-samples-play-java-starter-example\bookstoreapp\target\scala-2.13\classes ...[0m
[0m[[0m[0minfo[0m] [0m[0mcompiling 1 Java source to C:\Users\shrutis\Downloads\play-samples-play-java-starter-example\bookstoreapp\target\scala-2.13\classes ...[0m
[0m[[0m[31merror[0m] [0m[0mC:\Users\shrutis\Downloads\play-samples-play-java-starter-example\bookstoreapp\app\controllers\BookController.java:33:1:  error: method render in class create cannot be applied to given types;[0m
[0m[[0m[31merror[0m] [0m[0m        return ok(create.render(bookForm));[0m
[0m[[0m[31merror[0m] [0m[0m                        ^  required: Form<Book>,Messages[0m
[0m[[0m[31merror[0m] [0m[0m  found: Form<Book>[0m
[0m[[0m[31merror[0m] [0m[0m  reason: actual and formal argument lists differ in length[0m
[0m[[0m[31merror[0m] [0m[0m1 error[0m
[0m[[0m[33mwarn[0m] [0m[0mjavac exited with exit code 1[0m
[0m[[0m[31merror[0m] [0m[0m(Compile / [31mcompileIncremental[0m) javac returned non-zero exit code[0m
[0m[[0m[0mdebug[0m] [0m[0mRunning task... Cancel: Signal, check cycles: false, forcegc: true[0m
[0m[[0m[0mdebug[0m] [0m[0mRunning task... Cancel: Signal, check cycles: false, forcegc: true[0m
[0m[[0m[0mdebug[0m] [0m[0mRunning task... Cancel: Signal, check cycles: false, forcegc: true[0m
[0m[[0m[0minfo[0m] [0m[0mcompiling 1 Scala source to C:\Users\shrutis\Downloads\play-samples-play-java-starter-example\bookstoreapp\target\scala-2.13\classes ...[0m
[0m[[0m[0minfo[0m] [0m[0mcompiling 1 Java source to C:\Users\shrutis\Downloads\play-samples-play-java-starter-example\bookstoreapp\target\scala-2.13\classes ...[0m
[0m[[0m[31merror[0m] [0m[0mC:\Users\shrutis\Downloads\play-samples-play-java-starter-example\bookstoreapp\app\controllers\BookController.java:33:1:  error: method render in class create cannot be applied to given types;[0m
[0m[[0m[31merror[0m] [0m[0m        return ok(create.render(bookForm));[0m
[0m[[0m[31merror[0m] [0m[0m                        ^  required: Form<Book>,Messages[0m
[0m[[0m[31merror[0m] [0m[0m  found: Form<Book>[0m
[0m[[0m[31merror[0m] [0m[0m  reason: actual and formal argument lists differ in length[0m
[0m[[0m[31merror[0m] [0m[0m1 error[0m
[0m[[0m[33mwarn[0m] [0m[0mjavac exited with exit code 1[0m
[0m[[0m[31merror[0m] [0m[0m(Compile / [31mcompileIncremental[0m) javac returned non-zero exit code[0m
[0m[[0m[0mdebug[0m] [0m[0mRunning task... Cancel: Signal, check cycles: false, forcegc: true[0m
[0m[[0m[0mdebug[0m] [0m[0mRunning task... Cancel: Signal, check cycles: false, forcegc: true[0m
[0m[[0m[0mdebug[0m] [0m[0mRunning task... Cancel: Signal, check cycles: false, forcegc: true[0m
[0m[[0m[0minfo[0m] [0m[0mcompiling 1 Scala source to C:\Users\shrutis\Downloads\play-samples-play-java-starter-example\bookstoreapp\target\scala-2.13\classes ...[0m
[0m[[0m[0mdebug[0m] [0m[0mRunning task... Cancel: Signal, check cycles: false, forcegc: true[0m
[0m[[0m[0mdebug[0m] [0m[0mExporting web-assets:bookstoreapp[0m
[0m[[0m[0mdebug[0m] [0m[0mRunning task... Cancel: Signal, check cycles: false, forcegc: true[0m
[0m[[0m[0mdebug[0m] [0m[0mRunning task... Cancel: Signal, check cycles: false, forcegc: true[0m
[0m[[0m[0minfo[0m] [0m[0mcompiling 1 Scala source to C:\Users\shrutis\Downloads\play-samples-play-java-starter-example\bookstoreapp\target\scala-2.13\classes ...[0m
[0m[[0m[31merror[0m] [0m[0mC:\Users\shrutis\Downloads\play-samples-play-java-starter-example\bookstoreapp\app\views\create.scala.html:12:17: missing argument list for method apply in object form[0m
[0m[[0m[31merror[0m] [0m[0mUnapplied methods are only converted to functions when a function type is expected.[0m
[0m[[0m[31merror[0m] [0m[0mYou can make this conversion explicit by writing `apply _` or `apply(_,_)(_)` instead of `apply`.[0m
[0m[[0m[31merror[0m] [0m[0m    @helper.form(action=routes.BookController.save())[0m
[0m[[0m[31merror[0m] [0m[0m                ^[0m
[0m[[0m[31merror[0m] [0m[0mC:\Users\shrutis\Downloads\play-samples-play-java-starter-example\bookstoreapp\app\views\create.scala.html:14:15: value formFeild is not a member of object views.html.helper.CSRF[0m
[0m[[0m[31merror[0m] [0m[0mdid you mean formField?[0m
[0m[[0m[31merror[0m] [0m[0m	@helper.CSRF.formFeild[0m
[0m[[0m[31merror[0m] [0m[0m	             ^[0m
[0m[[0m[31merror[0m] [0m[0mC:\Users\shrutis\Downloads\play-samples-play-java-starter-example\bookstoreapp\app\views\create.scala.html:15:20: not found: value newUserForm[0m
[0m[[0m[31merror[0m] [0m[0m	@helper.inputText(newUserForm("id"))[0m
[0m[[0m[31merror[0m] [0m[0m	                  ^[0m
[0m[[0m[31merror[0m] [0m[0mthree errors found[0m
[0m[[0m[31merror[0m] [0m[0m(Compile / [31mcompileIncremental[0m) Compilation failed[0m
[0m[[0m[0mdebug[0m] [0m[0mRunning task... Cancel: Signal, check cycles: false, forcegc: true[0m
[0m[[0m[0mdebug[0m] [0m[0mRunning task... Cancel: Signal, check cycles: false, forcegc: true[0m
[0m[[0m[0mdebug[0m] [0m[0mRunning task... Cancel: Signal, check cycles: false, forcegc: true[0m
[0m[[0m[0minfo[0m] [0m[0mcompiling 1 Scala source to C:\Users\shrutis\Downloads\play-samples-play-java-starter-example\bookstoreapp\target\scala-2.13\classes ...[0m
[0m[[0m[31merror[0m] [0m[0mC:\Users\shrutis\Downloads\play-samples-play-java-starter-example\bookstoreapp\app\views\create.scala.html:12:13: object Form is not a member of package views.html.helper[0m
[0m[[0m[31merror[0m] [0m[0mdid you mean form?[0m
[0m[[0m[31merror[0m] [0m[0m    @helper.Form(action=routes.BookController.save())[0m
[0m[[0m[31merror[0m] [0m[0m            ^[0m
[0m[[0m[31merror[0m] [0m[0mC:\Users\shrutis\Downloads\play-samples-play-java-starter-example\bookstoreapp\app\views\create.scala.html:12:18: not found: value action[0m
[0m[[0m[31merror[0m] [0m[0m    @helper.Form(action=routes.BookController.save())[0m
[0m[[0m[31merror[0m] [0m[0m                 ^[0m
[0m[[0m[31merror[0m] [0m[0mC:\Users\shrutis\Downloads\play-samples-play-java-starter-example\bookstoreapp\app\views\create.scala.html:14:15: value formFeild is not a member of object views.html.helper.CSRF[0m
[0m[[0m[31merror[0m] [0m[0mdid you mean formField?[0m
[0m[[0m[31merror[0m] [0m[0m	@helper.CSRF.formFeild[0m
[0m[[0m[31merror[0m] [0m[0m	             ^[0m
[0m[[0m[31merror[0m] [0m[0mC:\Users\shrutis\Downloads\play-samples-play-java-starter-example\bookstoreapp\app\views\create.scala.html:15:20: not found: value newUserForm[0m
[0m[[0m[31merror[0m] [0m[0m	@helper.inputText(newUserForm("id"))[0m
[0m[[0m[31merror[0m] [0m[0m	                  ^[0m
[0m[[0m[31merror[0m] [0m[0mfour errors found[0m
[0m[[0m[31merror[0m] [0m[0m(Compile / [31mcompileIncremental[0m) Compilation failed[0m
[0m[[0m[0mdebug[0m] [0m[0mRunning task... Cancel: Signal, check cycles: false, forcegc: true[0m
[0m[[0m[0mdebug[0m] [0m[0mRunning task... Cancel: Signal, check cycles: false, forcegc: true[0m
[0m[[0m[0mdebug[0m] [0m[0mRunning task... Cancel: Signal, check cycles: false, forcegc: true[0m
[0m[[0m[0minfo[0m] [0m[0mcompiling 1 Scala source to C:\Users\shrutis\Downloads\play-samples-play-java-starter-example\bookstoreapp\target\scala-2.13\classes ...[0m
[0m[[0m[31merror[0m] [0m[0mC:\Users\shrutis\Downloads\play-samples-play-java-starter-example\bookstoreapp\app\views\create.scala.html:12:6: package views.html.helper is not a value[0m
[0m[[0m[31merror[0m] [0m[0m    @helper. form (action = routes.BookController.save())[0m
[0m[[0m[31merror[0m] [0m[0m     ^[0m
[0m[[0m[31merror[0m] [0m[0mC:\Users\shrutis\Downloads\play-samples-play-java-starter-example\bookstoreapp\app\views\create.scala.html:14:15: value formFeild is not a member of object views.html.helper.CSRF[0m
[0m[[0m[31merror[0m] [0m[0mdid you mean formField?[0m
[0m[[0m[31merror[0m] [0m[0m	@helper.CSRF.formFeild[0m
[0m[[0m[31merror[0m] [0m[0m	             ^[0m
[0m[[0m[31merror[0m] [0m[0mC:\Users\shrutis\Downloads\play-samples-play-java-starter-example\bookstoreapp\app\views\create.scala.html:15:20: not found: value newUserForm[0m
[0m[[0m[31merror[0m] [0m[0m	@helper.inputText(newUserForm("id"))[0m
[0m[[0m[31merror[0m] [0m[0m	                  ^[0m
[0m[[0m[31merror[0m] [0m[0mthree errors found[0m
[0m[[0m[31merror[0m] [0m[0m(Compile / [31mcompileIncremental[0m) Compilation failed[0m
[0m[[0m[0mdebug[0m] [0m[0mRunning task... Cancel: Signal, check cycles: false, forcegc: true[0m
[0m[[0m[0mdebug[0m] [0m[0mRunning task... Cancel: Signal, check cycles: false, forcegc: true[0m
[0m[[0m[0mdebug[0m] [0m[0mRunning task... Cancel: Signal, check cycles: false, forcegc: true[0m
[0m[[0m[0minfo[0m] [0m[0mcompiling 1 Scala source to C:\Users\shrutis\Downloads\play-samples-play-java-starter-example\bookstoreapp\target\scala-2.13\classes ...[0m
[0m[[0m[31merror[0m] [0m[0mC:\Users\shrutis\Downloads\play-samples-play-java-starter-example\bookstoreapp\app\views\create.scala.html:12:6: package views.html.helper is not a value[0m
[0m[[0m[31merror[0m] [0m[0m    @helper. form (action = routes.BookController.save())[0m
[0m[[0m[31merror[0m] [0m[0m     ^[0m
[0m[[0m[31merror[0m] [0m[0mC:\Users\shrutis\Downloads\play-samples-play-java-starter-example\bookstoreapp\app\views\create.scala.html:15:20: not found: value newUserForm[0m
[0m[[0m[31merror[0m] [0m[0m	@helper.inputText(newUserForm("id"))[0m
[0m[[0m[31merror[0m] [0m[0m	                  ^[0m
[0m[[0m[31merror[0m] [0m[0mtwo errors found[0m
[0m[[0m[31merror[0m] [0m[0m(Compile / [31mcompileIncremental[0m) Compilation failed[0m
[0m[[0m[0mdebug[0m] [0m[0mRunning task... Cancel: Signal, check cycles: false, forcegc: true[0m
[0m[[0m[0mdebug[0m] [0m[0mRunning task... Cancel: Signal, check cycles: false, forcegc: true[0m
[0m[[0m[0mdebug[0m] [0m[0mRunning task... Cancel: Signal, check cycles: false, forcegc: true[0m
[0m[[0m[0minfo[0m] [0m[0mcompiling 1 Scala source and 1 Java source to C:\Users\shrutis\Downloads\play-samples-play-java-starter-example\bookstoreapp\target\scala-2.13\classes ...[0m
[0m[[0m[31merror[0m] [0m[0mC:\Users\shrutis\Downloads\play-samples-play-java-starter-example\bookstoreapp\app\views\create.scala.html:12:6: package views.html.helper is not a value[0m
[0m[[0m[31merror[0m] [0m[0m    @helper. form (action = routes.BookController.save())[0m
[0m[[0m[31merror[0m] [0m[0m     ^[0m
[0m[[0m[31merror[0m] [0m[0mC:\Users\shrutis\Downloads\play-samples-play-java-starter-example\bookstoreapp\app\views\create.scala.html:15:19: An implicit MessagesProvider instance was not found.  Please see https://www.playframework.com/documentation/latest/ScalaForms#Passing-MessagesProvider-to-Form-Helpers[0m
[0m[[0m[31merror[0m] [0m[0m	@helper.inputText(bookForm("id"))[0m
[0m[[0m[31merror[0m] [0m[0m	                 ^[0m
[0m[[0m[31merror[0m] [0m[0mtwo errors found[0m
[0m[[0m[31merror[0m] [0m[0m(Compile / [31mcompileIncremental[0m) Compilation failed[0m
[0m[[0m[0mdebug[0m] [0m[0mRunning task... Cancel: Signal, check cycles: false, forcegc: true[0m
[0m[[0m[0mdebug[0m] [0m[0mRunning task... Cancel: Signal, check cycles: false, forcegc: true[0m
[0m[[0m[0mdebug[0m] [0m[0mRunning task... Cancel: Signal, check cycles: false, forcegc: true[0m
[0m[[0m[0minfo[0m] [0m[0mcompiling 1 Scala source and 1 Java source to C:\Users\shrutis\Downloads\play-samples-play-java-starter-example\bookstoreapp\target\scala-2.13\classes ...[0m
[0m[[0m[31merror[0m] [0m[0mC:\Users\shrutis\Downloads\play-samples-play-java-starter-example\bookstoreapp\app\views\create.scala.html:12:6: package views.html.helper is not a value[0m
[0m[[0m[31merror[0m] [0m[0m    @helper. form (action = routes.BookController.save())[0m
[0m[[0m[31merror[0m] [0m[0m     ^[0m
[0m[[0m[31merror[0m] [0m[0mC:\Users\shrutis\Downloads\play-samples-play-java-starter-example\bookstoreapp\app\views\create.scala.html:15:19: An implicit MessagesProvider instance was not found.  Please see https://www.playframework.com/documentation/latest/ScalaForms#Passing-MessagesProvider-to-Form-Helpers[0m
[0m[[0m[31merror[0m] [0m[0m	@helper.inputText(bookForm("id"))[0m
[0m[[0m[31merror[0m] [0m[0m	                 ^[0m
[0m[[0m[31merror[0m] [0m[0mtwo errors found[0m
[0m[[0m[31merror[0m] [0m[0m(Compile / [31mcompileIncremental[0m) Compilation failed[0m
[0m[[0m[0mdebug[0m] [0m[0mRunning task... Cancel: Signal, check cycles: false, forcegc: true[0m
[0m[[0m[0mdebug[0m] [0m[0mRunning task... Cancel: Signal, check cycles: false, forcegc: true[0m
[0m[[0m[0mdebug[0m] [0m[0mRunning task... Cancel: Signal, check cycles: false, forcegc: true[0m
[0m[[0m[0minfo[0m] [0m[0mcompiling 1 Scala source and 1 Java source to C:\Users\shrutis\Downloads\play-samples-play-java-starter-example\bookstoreapp\target\scala-2.13\classes ...[0m
[0m[[0m[31merror[0m] [0m[0mC:\Users\shrutis\Downloads\play-samples-play-java-starter-example\bookstoreapp\app\views\create.scala.html:12:6: package views.html.helper is not a value[0m
[0m[[0m[31merror[0m] [0m[0m    @helper. form (action = routes.BookController.save())[0m
[0m[[0m[31merror[0m] [0m[0m     ^[0m
[0m[[0m[31merror[0m] [0m[0mC:\Users\shrutis\Downloads\play-samples-play-java-starter-example\bookstoreapp\app\views\create.scala.html:15:19: An implicit MessagesProvider instance was not found.  Please see https://www.playframework.com/documentation/latest/ScalaForms#Passing-MessagesProvider-to-Form-Helpers[0m
[0m[[0m[31merror[0m] [0m[0m	@helper.inputText(bookForm("id"))[0m
[0m[[0m[31merror[0m] [0m[0m	                 ^[0m
[0m[[0m[31merror[0m] [0m[0mtwo errors found[0m
[0m[[0m[31merror[0m] [0m[0m(Compile / [31mcompileIncremental[0m) Compilation failed[0m
[0m[[0m[0mdebug[0m] [0m[0mRunning task... Cancel: Signal, check cycles: false, forcegc: true[0m
[0m[[0m[0mdebug[0m] [0m[0mRunning task... Cancel: Signal, check cycles: false, forcegc: true[0m
[0m[[0m[0mdebug[0m] [0m[0mRunning task... Cancel: Signal, check cycles: false, forcegc: true[0m
[0m[[0m[0minfo[0m] [0m[0mcompiling 1 Scala source and 1 Java source to C:\Users\shrutis\Downloads\play-samples-play-java-starter-example\bookstoreapp\target\scala-2.13\classes ...[0m
[0m[[0m[31merror[0m] [0m[0mC:\Users\shrutis\Downloads\play-samples-play-java-starter-example\bookstoreapp\app\views\create.scala.html:12:6: package views.html.helper is not a value[0m
[0m[[0m[31merror[0m] [0m[0m    @helper. form (action = routes.BookController.save())[0m
[0m[[0m[31merror[0m] [0m[0m     ^[0m
[0m[[0m[31merror[0m] [0m[0mC:\Users\shrutis\Downloads\play-samples-play-java-starter-example\bookstoreapp\app\views\create.scala.html:15:19: An implicit MessagesProvider instance was not found.  Please see https://www.playframework.com/documentation/latest/ScalaForms#Passing-MessagesProvider-to-Form-Helpers[0m
[0m[[0m[31merror[0m] [0m[0m	@helper.inputText(bookForm("id"))[0m
[0m[[0m[31merror[0m] [0m[0m	                 ^[0m
[0m[[0m[31merror[0m] [0m[0mtwo errors found[0m
[0m[[0m[31merror[0m] [0m[0m(Compile / [31mcompileIncremental[0m) Compilation failed[0m
[0m[[0m[0mdebug[0m] [0m[0mRunning task... Cancel: Signal, check cycles: false, forcegc: true[0m
[0m[[0m[0mdebug[0m] [0m[0mRunning task... Cancel: Signal, check cycles: false, forcegc: true[0m
[0m[[0m[0mdebug[0m] [0m[0mRunning task... Cancel: Signal, check cycles: false, forcegc: true[0m
[0m[[0m[0minfo[0m] [0m[0mcompiling 1 Scala source and 1 Java source to C:\Users\shrutis\Downloads\play-samples-play-java-starter-example\bookstoreapp\target\scala-2.13\classes ...[0m
[0m[[0m[31merror[0m] [0m[0mC:\Users\shrutis\Downloads\play-samples-play-java-starter-example\bookstoreapp\app\controllers\BookController.java:33:1:  error: method render in class create cannot be applied to given types;[0m
[0m[[0m[31merror[0m] [0m[0m        return ok(create.render(bookForm));[0m
[0m[[0m[31merror[0m] [0m[0m                        ^  required: no arguments[0m
[0m[[0m[31merror[0m] [0m[0m  found: Form<Book>[0m
[0m[[0m[31merror[0m] [0m[0m  reason: actual and formal argument lists differ in length[0m
[0m[[0m[31merror[0m] [0m[0mC:\Users\shrutis\Downloads\play-samples-play-java-starter-example\bookstoreapp\app\controllers\BookController.java:39:1:  error: method bindFromRequest in class Form<T> cannot be applied to given types;[0m
[0m[[0m[31merror[0m] [0m[0m        Form<Book> bookForm = formFactory.form(Book.class).bindFromRequest();[0m
[0m[[0m[31merror[0m] [0m[0m                                                          ^  required: Request,String[][0m
[0m[[0m[31merror[0m] [0m[0m  found: no arguments[0m
[0m[[0m[31merror[0m] [0m[0m  reason: actual and formal argument lists differ in length[0m
[0m[[0m[31merror[0m] [0m[0m  where T is a type-variable:[0m
[0m[[0m[31merror[0m] [0m[0m    T extends Object declared in class Form[0m
[0m[[0m[31merror[0m] [0m[0m2 errors[0m
[0m[[0m[33mwarn[0m] [0m[0mjavac exited with exit code 1[0m
[0m[[0m[31merror[0m] [0m[0m(Compile / [31mcompileIncremental[0m) javac returned non-zero exit code[0m
[0m[[0m[0mdebug[0m] [0m[0mRunning task... Cancel: Signal, check cycles: false, forcegc: true[0m
[0m[[0m[0mdebug[0m] [0m[0mRunning task... Cancel: Signal, check cycles: false, forcegc: true[0m
[0m[[0m[0mdebug[0m] [0m[0mRunning task... Cancel: Signal, check cycles: false, forcegc: true[0m
[0m[[0m[0minfo[0m] [0m[0mcompiling 1 Scala source and 1 Java source to C:\Users\shrutis\Downloads\play-samples-play-java-starter-example\bookstoreapp\target\scala-2.13\classes ...[0m
[0m[[0m[31merror[0m] [0m[0mC:\Users\shrutis\Downloads\play-samples-play-java-starter-example\bookstoreapp\app\controllers\BookController.java:39:1:  error: method bindFromRequest in class Form<T> cannot be applied to given types;[0m
[0m[[0m[31merror[0m] [0m[0m        Form<Book> bookForm = formFactory.form(Book.class).bindFromRequest();[0m
[0m[[0m[31merror[0m] [0m[0m                                                          ^  required: Request,String[][0m
[0m[[0m[31merror[0m] [0m[0m  found: no arguments[0m
[0m[[0m[31merror[0m] [0m[0m  reason: actual and formal argument lists differ in length[0m
[0m[[0m[31merror[0m] [0m[0m  where T is a type-variable:[0m
[0m[[0m[31merror[0m] [0m[0m    T extends Object declared in class Form[0m
[0m[[0m[31merror[0m] [0m[0m1 error[0m
[0m[[0m[33mwarn[0m] [0m[0mjavac exited with exit code 1[0m
[0m[[0m[0mdebug[0m] [0m[0mForcing garbage collection...[0m
[0m[[0m[31merror[0m] [0m[0m(Compile / [31mcompileIncremental[0m) javac returned non-zero exit code[0m
[0m[[0m[0mdebug[0m] [0m[0mRunning task... Cancel: Signal, check cycles: false, forcegc: true[0m
[0m[[0m[0mdebug[0m] [0m[0mRunning task... Cancel: Signal, check cycles: false, forcegc: true[0m
[0m[[0m[0mdebug[0m] [0m[0mRunning task... Cancel: Signal, check cycles: false, forcegc: true[0m
[0m[[0m[0minfo[0m] [0m[0mcompiling 1 Scala source and 1 Java source to C:\Users\shrutis\Downloads\play-samples-play-java-starter-example\bookstoreapp\target\scala-2.13\classes ...[0m
[0m[[0m[31merror[0m] [0m[0mC:\Users\shrutis\Downloads\play-samples-play-java-starter-example\bookstoreapp\app\controllers\BookController.java:39:1:  error: method bindFromRequest in class Form<T> cannot be applied to given types;[0m
[0m[[0m[31merror[0m] [0m[0m        Form<Book> bookForm = formFactory.form(Book.class).bindFromRequest();[0m
[0m[[0m[31merror[0m] [0m[0m                                                          ^  required: Request,String[][0m
[0m[[0m[31merror[0m] [0m[0m  found: no arguments[0m
[0m[[0m[31merror[0m] [0m[0m  reason: actual and formal argument lists differ in length[0m
[0m[[0m[31merror[0m] [0m[0m  where T is a type-variable:[0m
[0m[[0m[31merror[0m] [0m[0m    T extends Object declared in class Form[0m
[0m[[0m[31merror[0m] [0m[0m1 error[0m
[0m[[0m[33mwarn[0m] [0m[0mjavac exited with exit code 1[0m
[0m[[0m[31merror[0m] [0m[0m(Compile / [31mcompileIncremental[0m) javac returned non-zero exit code[0m
[0m[[0m[0mdebug[0m] [0m[0mRunning task... Cancel: Signal, check cycles: false, forcegc: true[0m
[0m[[0m[0mdebug[0m] [0m[0mRunning task... Cancel: Signal, check cycles: false, forcegc: true[0m
[0m[[0m[0mdebug[0m] [0m[0mRunning task... Cancel: Signal, check cycles: false, forcegc: true[0m
[0m[[0m[0minfo[0m] [0m[0mcompiling 1 Scala source and 1 Java source to C:\Users\shrutis\Downloads\play-samples-play-java-starter-example\bookstoreapp\target\scala-2.13\classes ...[0m
[0m[[0m[31merror[0m] [0m[0mC:\Users\shrutis\Downloads\play-samples-play-java-starter-example\bookstoreapp\app\controllers\BookController.java:39:1:  error: method bindFromRequest in class Form<T> cannot be applied to given types;[0m
[0m[[0m[31merror[0m] [0m[0m        Form<Book> bookForm = formFactory.form(Book.class).bindFromRequest();[0m
[0m[[0m[31merror[0m] [0m[0m                                                          ^  required: Request,String[][0m
[0m[[0m[31merror[0m] [0m[0m  found: no arguments[0m
[0m[[0m[31merror[0m] [0m[0m  reason: actual and formal argument lists differ in length[0m
[0m[[0m[31merror[0m] [0m[0m  where T is a type-variable:[0m
[0m[[0m[31merror[0m] [0m[0m    T extends Object declared in class Form[0m
[0m[[0m[31merror[0m] [0m[0m1 error[0m
[0m[[0m[33mwarn[0m] [0m[0mjavac exited with exit code 1[0m
[0m[[0m[31merror[0m] [0m[0m(Compile / [31mcompileIncremental[0m) javac returned non-zero exit code[0m
[0m[[0m[0mdebug[0m] [0m[0mRunning task... Cancel: Signal, check cycles: false, forcegc: true[0m
[0m[[0m[0mdebug[0m] [0m[0mRunning task... Cancel: Signal, check cycles: false, forcegc: true[0m
[0m[[0m[0mdebug[0m] [0m[0mRunning task... Cancel: Signal, check cycles: false, forcegc: true[0m
[0m[[0m[0minfo[0m] [0m[0mcompiling 1 Scala source and 1 Java source to C:\Users\shrutis\Downloads\play-samples-play-java-starter-example\bookstoreapp\target\scala-2.13\classes ...[0m
[0m[[0m[31merror[0m] [0m[0mC:\Users\shrutis\Downloads\play-samples-play-java-starter-example\bookstoreapp\app\controllers\BookController.java:39:1:  error: cannot find symbol[0m
[0m[[0m[31merror[0m] [0m[0m        Form<Book> bookForm = formFactory.form(Book.class).bindFormRequest();[0m
[0m[[0m[31merror[0m] [0m[0m                                                          ^  symbol:   method bindFormRequest()[0m
[0m[[0m[31merror[0m] [0m[0m  location: class Form<Book>[0m
[0m[[0m[31merror[0m] [0m[0m1 error[0m
[0m[[0m[33mwarn[0m] [0m[0mjavac exited with exit code 1[0m
[0m[[0m[31merror[0m] [0m[0m(Compile / [31mcompileIncremental[0m) javac returned non-zero exit code[0m
[0m[[0m[0mdebug[0m] [0m[0mRunning task... Cancel: Signal, check cycles: false, forcegc: true[0m
[0m[[0m[0mdebug[0m] [0m[0mRunning task... Cancel: Signal, check cycles: false, forcegc: true[0m
[0m[[0m[0mdebug[0m] [0m[0mRunning task... Cancel: Signal, check cycles: false, forcegc: true[0m
[0m[[0m[0minfo[0m] [0m[0mcompiling 1 Scala source and 1 Java source to C:\Users\shrutis\Downloads\play-samples-play-java-starter-example\bookstoreapp\target\scala-2.13\classes ...[0m
[0m[[0m[31merror[0m] [0m[0mC:\Users\shrutis\Downloads\play-samples-play-java-starter-example\bookstoreapp\app\controllers\BookController.java:40:1:  error: cannot find symbol[0m
[0m[[0m[31merror[0m] [0m[0m        Book book = bookForm.get();[0m
[0m[[0m[31merror[0m] [0m[0m                    ^  symbol:   variable bookForm[0m
[0m[[0m[31merror[0m] [0m[0m  location: class BookController[0m
[0m[[0m[31merror[0m] [0m[0m1 error[0m
[0m[[0m[33mwarn[0m] [0m[0mjavac exited with exit code 1[0m
[0m[[0m[31merror[0m] [0m[0m(Compile / [31mcompileIncremental[0m) javac returned non-zero exit code[0m
[0m[[0m[0mdebug[0m] [0m[0mRunning task... Cancel: Signal, check cycles: false, forcegc: true[0m
[0m[[0m[0mdebug[0m] [0m[0mRunning task... Cancel: Signal, check cycles: false, forcegc: true[0m
[0m[[0m[0mdebug[0m] [0m[0mRunning task... Cancel: Signal, check cycles: false, forcegc: true[0m
[0m[[0m[0minfo[0m] [0m[0mcompiling 1 Scala source and 1 Java source to C:\Users\shrutis\Downloads\play-samples-play-java-starter-example\bookstoreapp\target\scala-2.13\classes ...[0m
[0m[[0m[0minfo[0m] [0m[0mcompiling 1 Scala source to C:\Users\shrutis\Downloads\play-samples-play-java-starter-example\bookstoreapp\target\scala-2.13\classes ...[0m
[0m[[0m[0mdebug[0m] [0m[0mRunning task... Cancel: Signal, check cycles: false, forcegc: true[0m
[0m[[0m[0mdebug[0m] [0m[0mExporting web-assets:bookstoreapp[0m
[0m[[0m[0mdebug[0m] [0m[0mRunning task... Cancel: Signal, check cycles: false, forcegc: true[0m
[0m[[0m[0mdebug[0m] [0m[0mRunning task... Cancel: Signal, check cycles: false, forcegc: true[0m
[0m[[0m[0minfo[0m] [0m[0mcompiling 1 Scala source to C:\Users\shrutis\Downloads\play-samples-play-java-starter-example\bookstoreapp\target\scala-2.13\classes ...[0m
[0m[[0m[0mdebug[0m] [0m[0mRunning task... Cancel: Signal, check cycles: false, forcegc: true[0m
[0m[[0m[0mdebug[0m] [0m[0mExporting web-assets:bookstoreapp[0m
[0m[[0m[0mdebug[0m] [0m[0mRunning task... Cancel: Signal, check cycles: false, forcegc: true[0m
[0m[[0m[0mdebug[0m] [0m[0mRunning task... Cancel: Signal, check cycles: false, forcegc: true[0m
[0m[[0m[0minfo[0m] [0m[0mcompiling 1 Scala source to C:\Users\shrutis\Downloads\play-samples-play-java-starter-example\bookstoreapp\target\scala-2.13\classes ...[0m
[0m[[0m[0mdebug[0m] [0m[0mRunning task... Cancel: Signal, check cycles: false, forcegc: true[0m
[0m[[0m[0mdebug[0m] [0m[0mExporting web-assets:bookstoreapp[0m
[0m[[0m[0mdebug[0m] [0m[0mRunning task... Cancel: Signal, check cycles: false, forcegc: true[0m
[0m[[0m[0mdebug[0m] [0m[0mRunning task... Cancel: Signal, check cycles: false, forcegc: true[0m
[0m[[0m[0minfo[0m] [0m[0mcompiling 1 Scala source to C:\Users\shrutis\Downloads\play-samples-play-java-starter-example\bookstoreapp\target\scala-2.13\classes ...[0m
[0m[[0m[0mdebug[0m] [0m[0mRunning task... Cancel: Signal, check cycles: false, forcegc: true[0m
[0m[[0m[0mdebug[0m] [0m[0mExporting web-assets:bookstoreapp[0m
[0m[[0m[0mdebug[0m] [0m[0mRunning task... Cancel: Signal, check cycles: false, forcegc: true[0m
[0m[[0m[0mdebug[0m] [0m[0mRunning task... Cancel: Signal, check cycles: false, forcegc: true[0m
[0m[[0m[0minfo[0m] [0m[0mcompiling 1 Scala source to C:\Users\shrutis\Downloads\play-samples-play-java-starter-example\bookstoreapp\target\scala-2.13\classes ...[0m
[0m[[0m[0mdebug[0m] [0m[0mRunning task... Cancel: Signal, check cycles: false, forcegc: true[0m
[0m[[0m[0mdebug[0m] [0m[0mExporting web-assets:bookstoreapp[0m
[0m[[0m[0mdebug[0m] [0m[0mRunning task... Cancel: Signal, check cycles: false, forcegc: true[0m
[0m[[0m[0mdebug[0m] [0m[0mRunning task... Cancel: Signal, check cycles: false, forcegc: true[0m
[0m[[0m[0minfo[0m] [0m[0mcompiling 1 Scala source to C:\Users\shrutis\Downloads\play-samples-play-java-starter-example\bookstoreapp\target\scala-2.13\classes ...[0m
[0m[[0m[0mdebug[0m] [0m[0mRunning task... Cancel: Signal, check cycles: false, forcegc: true[0m
[0m[[0m[0mdebug[0m] [0m[0mExporting web-assets:bookstoreapp[0m
[0m[[0m[0mdebug[0m] [0m[0mRunning task... Cancel: Signal, check cycles: false, forcegc: true[0m
[0m[[0m[0mdebug[0m] [0m[0mRunning task... Cancel: Signal, check cycles: false, forcegc: true[0m
[0m[[0m[0minfo[0m] [0m[0mcompiling 1 Scala source to C:\Users\shrutis\Downloads\play-samples-play-java-starter-example\bookstoreapp\target\scala-2.13\classes ...[0m
[0m[[0m[0mdebug[0m] [0m[0mRunning task... Cancel: Signal, check cycles: false, forcegc: true[0m
[0m[[0m[0mdebug[0m] [0m[0mExporting web-assets:bookstoreapp[0m
[0m[[0m[0mdebug[0m] [0m[0mRunning task... Cancel: Signal, check cycles: false, forcegc: true[0m
[0m[[0m[0mdebug[0m] [0m[0mRunning task... Cancel: Signal, check cycles: false, forcegc: true[0m
[0m[[0m[0minfo[0m] [0m[0mcompiling 1 Java source to C:\Users\shrutis\Downloads\play-samples-play-java-starter-example\bookstoreapp\target\scala-2.13\classes ...[0m
[0m[[0m[31merror[0m] [0m[0mC:\Users\shrutis\Downloads\play-samples-play-java-starter-example\bookstoreapp\app\controllers\BookController.java:39:1:  error: cannot find symbol[0m
[0m[[0m[31merror[0m] [0m[0m        Form<Book> bookForm = formFactory.form(Book.class).bindFormRequest();[0m
[0m[[0m[31merror[0m] [0m[0m                                                          ^  symbol:   method bindFormRequest()[0m
[0m[[0m[31merror[0m] [0m[0m  location: class Form<Book>[0m
[0m[[0m[31merror[0m] [0m[0mC:\Users\shrutis\Downloads\play-samples-play-java-starter-example\bookstoreapp\app\controllers\BookController.java:42:1:  error: cannot find symbol[0m
[0m[[0m[31merror[0m] [0m[0m    return redirect(routes.BookController.index1);[0m
[0m[[0m[31merror[0m] [0m[0m                                         ^  symbol:   variable index1[0m
[0m[[0m[31merror[0m] [0m[0m  location: variable BookController of type ReverseBookController[0m
[0m[[0m[31merror[0m] [0m[0m2 errors[0m
[0m[[0m[33mwarn[0m] [0m[0mjavac exited with exit code 1[0m
[0m[[0m[31merror[0m] [0m[0m(Compile / [31mcompileIncremental[0m) javac returned non-zero exit code[0m
[0m[[0m[0mdebug[0m] [0m[0mRunning task... Cancel: Signal, check cycles: false, forcegc: true[0m
[0m[[0m[0mdebug[0m] [0m[0mRunning task... Cancel: Signal, check cycles: false, forcegc: true[0m
[0m[[0m[0mdebug[0m] [0m[0mRunning task... Cancel: Signal, check cycles: false, forcegc: true[0m
[0m[[0m[0minfo[0m] [0m[0mcompiling 1 Java source to C:\Users\shrutis\Downloads\play-samples-play-java-starter-example\bookstoreapp\target\scala-2.13\classes ...[0m
[0m[[0m[31merror[0m] [0m[0mC:\Users\shrutis\Downloads\play-samples-play-java-starter-example\bookstoreapp\app\controllers\BookController.java:39:1:  error: method bindFromRequest in class Form<T> cannot be applied to given types;[0m
[0m[[0m[31merror[0m] [0m[0m        Form<Book> bookForm = formFactory.form(Book.class).bindFromRequest();[0m
[0m[[0m[31merror[0m] [0m[0m                                                          ^  required: Request,String[][0m
[0m[[0m[31merror[0m] [0m[0m  found: no arguments[0m
[0m[[0m[31merror[0m] [0m[0m  reason: actual and formal argument lists differ in length[0m
[0m[[0m[31merror[0m] [0m[0m  where T is a type-variable:[0m
[0m[[0m[31merror[0m] [0m[0m    T extends Object declared in class Form[0m
[0m[[0m[31merror[0m] [0m[0m1 error[0m
[0m[[0m[33mwarn[0m] [0m[0mjavac exited with exit code 1[0m
[0m[[0m[0mdebug[0m] [0m[0mForcing garbage collection...[0m
[0m[[0m[31merror[0m] [0m[0m(Compile / [31mcompileIncremental[0m) javac returned non-zero exit code[0m
[0m[[0m[0mdebug[0m] [0m[0mRunning task... Cancel: Signal, check cycles: false, forcegc: true[0m
[0m[[0m[0mdebug[0m] [0m[0mRunning task... Cancel: Signal, check cycles: false, forcegc: true[0m
[0m[[0m[0mdebug[0m] [0m[0mRunning task... Cancel: Signal, check cycles: false, forcegc: true[0m
[0m[[0m[0minfo[0m] [0m[0mcompiling 1 Java source to C:\Users\shrutis\Downloads\play-samples-play-java-starter-example\bookstoreapp\target\scala-2.13\classes ...[0m
[0m[[0m[0mdebug[0m] [0m[0mRunning task... Cancel: Signal, check cycles: false, forcegc: true[0m
[0m[[0m[0mdebug[0m] [0m[0mExporting web-assets:bookstoreapp[0m
[0m[[0m[0mdebug[0m] [0m[0mRunning task... Cancel: Signal, check cycles: false, forcegc: true[0m
[0m[[0m[0mdebug[0m] [0m[0mRunning task... Cancel: Signal, check cycles: false, forcegc: true[0m
[0m[[0m[0minfo[0m] [0m[0mcompiling 1 Scala source to C:\Users\shrutis\Downloads\play-samples-play-java-starter-example\bookstoreapp\target\scala-2.13\classes ...[0m
[0m[[0m[31merror[0m] [0m[0mC:\Users\shrutis\Downloads\play-samples-play-java-starter-example\bookstoreapp\app\views\create.scala.html:11:3: not found: value _booksFormFields[0m
[0m[[0m[31merror[0m] [0m[0m	@_booksFormFields(bookFrom)[0m
[0m[[0m[31merror[0m] [0m[0m	 ^[0m
[0m[[0m[31merror[0m] [0m[0mC:\Users\shrutis\Downloads\play-samples-play-java-starter-example\bookstoreapp\app\views\create.scala.html:11:20: not found: value bookFrom[0m
[0m[[0m[31merror[0m] [0m[0m	@_booksFormFields(bookFrom)[0m
[0m[[0m[31merror[0m] [0m[0m	                  ^[0m
[0m[[0m[31merror[0m] [0m[0mtwo errors found[0m
[0m[[0m[0mdebug[0m] [0m[0mForcing garbage collection...[0m
[0m[[0m[31merror[0m] [0m[0m(Compile / [31mcompileIncremental[0m) Compilation failed[0m
[0m[[0m[0mdebug[0m] [0m[0mRunning task... Cancel: Signal, check cycles: false, forcegc: true[0m
[0m[[0m[0mdebug[0m] [0m[0mRunning task... Cancel: Signal, check cycles: false, forcegc: true[0m
[0m[[0m[0mdebug[0m] [0m[0mRunning task... Cancel: Signal, check cycles: false, forcegc: true[0m
[0m[[0m[0minfo[0m] [0m[0mcompiling 1 Scala source to C:\Users\shrutis\Downloads\play-samples-play-java-starter-example\bookstoreapp\target\scala-2.13\classes ...[0m
[0m[[0m[0mdebug[0m] [0m[0mRunning task... Cancel: Signal, check cycles: false, forcegc: true[0m
[0m[[0m[0mdebug[0m] [0m[0mExporting web-assets:bookstoreapp[0m
[0m[[0m[0mdebug[0m] [0m[0mRunning task... Cancel: Signal, check cycles: false, forcegc: true[0m
[0m[[0m[0mdebug[0m] [0m[0mRunning task... Cancel: Signal, check cycles: false, forcegc: true[0m
[0m[[0m[0minfo[0m] [0m[0mcompiling 1 Scala source and 1 Java source to C:\Users\shrutis\Downloads\play-samples-play-java-starter-example\bookstoreapp\target\scala-2.13\classes ...[0m
[0m[[0m[31merror[0m] [0m[0mC:\Users\shrutis\Downloads\play-samples-play-java-starter-example\bookstoreapp\app\controllers\BookController.java:47:1:  error: variable book might not have been initialized[0m
[0m[[0m[31merror[0m] [0m[0m        Book book= book.findById(id);[0m
[0m[[0m[31merror[0m] [0m[0m                   ^1 error[0m
[0m[[0m[33mwarn[0m] [0m[0mjavac exited with exit code 1[0m
[0m[[0m[0mdebug[0m] [0m[0mForcing garbage collection...[0m
[0m[[0m[31merror[0m] [0m[0m(Compile / [31mcompileIncremental[0m) javac returned non-zero exit code[0m
[0m[[0m[0mdebug[0m] [0m[0mRunning task... Cancel: Signal, check cycles: false, forcegc: true[0m
[0m[[0m[0mdebug[0m] [0m[0mRunning task... Cancel: Signal, check cycles: false, forcegc: true[0m
[0m[[0m[0mdebug[0m] [0m[0mRunning task... Cancel: Signal, check cycles: false, forcegc: true[0m
[0m[[0m[0minfo[0m] [0m[0mcompiling 1 Scala source and 1 Java source to C:\Users\shrutis\Downloads\play-samples-play-java-starter-example\bookstoreapp\target\scala-2.13\classes ...[0m
[0m[[0m[0minfo[0m] [0m[0mcompiling 1 Scala source to C:\Users\shrutis\Downloads\play-samples-play-java-starter-example\bookstoreapp\target\scala-2.13\classes ...[0m
[0m[[0m[0mdebug[0m] [0m[0mRunning task... Cancel: Signal, check cycles: false, forcegc: true[0m
[0m[[0m[0mdebug[0m] [0m[0mExporting web-assets:bookstoreapp[0m
[0m[[0m[0mdebug[0m] [0m[0mRunning task... Cancel: Signal, check cycles: false, forcegc: true[0m
[0m[[0m[0mdebug[0m] [0m[0mRunning task... Cancel: Signal, check cycles: false, forcegc: true[0m
[0m[[0m[0minfo[0m] [0m[0mcompiling 1 Scala source and 1 Java source to C:\Users\shrutis\Downloads\play-samples-play-java-starter-example\bookstoreapp\target\scala-2.13\classes ...[0m
[0m[[0m[31merror[0m] [0m[0mC:\Users\shrutis\Downloads\play-samples-play-java-starter-example\bookstoreapp\app\controllers\BookController.java:47:1:  error: cannot find symbol[0m
[0m[[0m[31merror[0m] [0m[0m        Book book= Book.findById(id).fill(book);[0m
[0m[[0m[31merror[0m] [0m[0m                                    ^  symbol:   method fill(Book)[0m
[0m[[0m[31merror[0m] [0m[0m  location: class Book[0m
[0m[[0m[31merror[0m] [0m[0m1 error[0m
[0m[[0m[33mwarn[0m] [0m[0mjavac exited with exit code 1[0m
[0m[[0m[31merror[0m] [0m[0m(Compile / [31mcompileIncremental[0m) javac returned non-zero exit code[0m
[0m[[0m[0mdebug[0m] [0m[0mRunning task... Cancel: Signal, check cycles: false, forcegc: true[0m
[0m[[0m[0mdebug[0m] [0m[0mRunning task... Cancel: Signal, check cycles: false, forcegc: true[0m
[0m[[0m[0mdebug[0m] [0m[0mRunning task... Cancel: Signal, check cycles: false, forcegc: true[0m
[0m[[0m[0minfo[0m] [0m[0mcompiling 1 Scala source and 1 Java source to C:\Users\shrutis\Downloads\play-samples-play-java-starter-example\bookstoreapp\target\scala-2.13\classes ...[0m
[0m[[0m[31merror[0m] [0m[0mC:\Users\shrutis\Downloads\play-samples-play-java-starter-example\bookstoreapp\app\controllers\BookController.java:47:1:  error: cannot find symbol[0m
[0m[[0m[31merror[0m] [0m[0m        Book book= Book.findById(id).fill(book);[0m
[0m[[0m[31merror[0m] [0m[0m                                    ^  symbol:   method fill(Book)[0m
[0m[[0m[31merror[0m] [0m[0m  location: class Book[0m
[0m[[0m[31merror[0m] [0m[0m1 error[0m
[0m[[0m[33mwarn[0m] [0m[0mjavac exited with exit code 1[0m
[0m[[0m[0mdebug[0m] [0m[0mForcing garbage collection...[0m
[0m[[0m[31merror[0m] [0m[0m(Compile / [31mcompileIncremental[0m) javac returned non-zero exit code[0m
[0m[[0m[0mdebug[0m] [0m[0mRunning task... Cancel: Signal, check cycles: false, forcegc: true[0m
[0m[[0m[0mdebug[0m] [0m[0mRunning task... Cancel: Signal, check cycles: false, forcegc: true[0m
[0m[[0m[0mdebug[0m] [0m[0mRunning task... Cancel: Signal, check cycles: false, forcegc: true[0m
[0m[[0m[0minfo[0m] [0m[0mcompiling 1 Scala source to C:\Users\shrutis\Downloads\play-samples-play-java-starter-example\bookstoreapp\target\scala-2.13\classes ...[0m
[0m[[0m[0mdebug[0m] [0m[0mRunning task... Cancel: Signal, check cycles: false, forcegc: true[0m
[0m[[0m[0mdebug[0m] [0m[0mExporting web-assets:bookstoreapp[0m
[0m[[0m[0mdebug[0m] [0m[0mRunning task... Cancel: Signal, check cycles: false, forcegc: true[0m
[0m[[0m[0mdebug[0m] [0m[0mRunning task... Cancel: Signal, check cycles: false, forcegc: true[0m
[0m[[0m[0minfo[0m] [0m[0mcompiling 1 Java source to C:\Users\shrutis\Downloads\play-samples-play-java-starter-example\bookstoreapp\target\scala-2.13\classes ...[0m
[0m[[0m[0mdebug[0m] [0m[0mRunning task... Cancel: Signal, check cycles: false, forcegc: true[0m
[0m[[0m[0mdebug[0m] [0m[0mExporting web-assets:bookstoreapp[0m
[0m[[0m[0mdebug[0m] [0m[0mRunning task... Cancel: Signal, check cycles: false, forcegc: true[0m
[0m[[0m[0mdebug[0m] [0m[0mRunning task... Cancel: Signal, check cycles: false, forcegc: true[0m
[0m[[0m[0minfo[0m] [0m[0mcompiling 1 Java source to C:\Users\shrutis\Downloads\play-samples-play-java-starter-example\bookstoreapp\target\scala-2.13\classes ...[0m
[0m[[0m[31merror[0m] [0m[0mC:\Users\shrutis\Downloads\play-samples-play-java-starter-example\bookstoreapp\app\controllers\BookController.java:59:1:  error: cannot find symbol[0m
[0m[[0m[31merror[0m] [0m[0m        Book oldbook = Book.findById(book.id);[0m
[0m[[0m[31merror[0m] [0m[0m                                     ^  symbol:   variable book[0m
[0m[[0m[31merror[0m] [0m[0m  location: class BookController[0m
[0m[[0m[31merror[0m] [0m[0mC:\Users\shrutis\Downloads\play-samples-play-java-starter-example\bookstoreapp\app\controllers\BookController.java:64:1:  error: cannot find symbol[0m
[0m[[0m[31merror[0m] [0m[0m        oldbook.title=book.title;[0m
[0m[[0m[31merror[0m] [0m[0m                      ^  symbol:   variable book[0m
[0m[[0m[31merror[0m] [0m[0m  location: class BookController[0m
[0m[[0m[31merror[0m] [0m[0mC:\Users\shrutis\Downloads\play-samples-play-java-starter-example\bookstoreapp\app\controllers\BookController.java:65:1:  error: cannot find symbol[0m
[0m[[0m[31merror[0m] [0m[0m        oldbook.author=book.author;[0m
[0m[[0m[31merror[0m] [0m[0m                       ^  symbol:   variable book[0m
[0m[[0m[31merror[0m] [0m[0m  location: class BookController[0m
[0m[[0m[33mwarn[0m] [0m[0mjavac exited with exit code 1[0m
[0m[[0m[0mdebug[0m] [0m[0mForcing garbage collection...[0m
[0m[[0m[31merror[0m] [0m[0m(Compile / [31mcompileIncremental[0m) javac returned non-zero exit code[0m
[0m[[0m[0mdebug[0m] [0m[0mRunning task... Cancel: Signal, check cycles: false, forcegc: true[0m
[0m[[0m[0mdebug[0m] [0m[0mRunning task... Cancel: Signal, check cycles: false, forcegc: true[0m
[0m[[0m[33mwarn[0m] [0m[0mIn the last 10 seconds, 5.63 (56.7%) were spent in GC. [Heap: 0.00GB free of 0.97GB, max 0.97GB] Consider increasing the JVM heap using `-Xmx` or try a different collector, e.g. `-XX:+UseG1GC`, for better performance.[0m
[0m[[0m[33mwarn[0m] [0m[0mIn the last 9 seconds, 6.099 (68.5%) were spent in GC. [Heap: 0.00GB free of 0.97GB, max 0.97GB] Consider increasing the JVM heap using `-Xmx` or try a different collector, e.g. `-XX:+UseG1GC`, for better performance.[0m
[0m[[0m[33mwarn[0m] [0m[0mIn the last 10 seconds, 6.089 (66.8%) were spent in GC. [Heap: 0.00GB free of 0.97GB, max 0.97GB] Consider increasing the JVM heap using `-Xmx` or try a different collector, e.g. `-XX:+UseG1GC`, for better performance.[0m
[0m[[0m[33mwarn[0m] [0m[0mIn the last 9 seconds, 6.082 (67.7%) were spent in GC. [Heap: 0.00GB free of 0.97GB, max 0.97GB] Consider increasing the JVM heap using `-Xmx` or try a different collector, e.g. `-XX:+UseG1GC`, for better performance.[0m
[0m[[0m[33mwarn[0m] [0m[0mIn the last 9 seconds, 6.08 (69.3%) were spent in GC. [Heap: 0.00GB free of 0.97GB, max 0.97GB] Consider increasing the JVM heap using `-Xmx` or try a different collector, e.g. `-XX:+UseG1GC`, for better performance.[0m
[0m[[0m[33mwarn[0m] [0m[0mIn the last 9 seconds, 6.039 (70.6%) were spent in GC. [Heap: 0.00GB free of 0.97GB, max 0.97GB] Consider increasing the JVM heap using `-Xmx` or try a different collector, e.g. `-XX:+UseG1GC`, for better performance.[0m
[0m[[0m[33mwarn[0m] [0m[0mIn the last 9 seconds, 6.092 (72.2%) were spent in GC. [Heap: 0.00GB free of 0.97GB, max 0.97GB] Consider increasing the JVM heap using `-Xmx` or try a different collector, e.g. `-XX:+UseG1GC`, for better performance.[0m
[0m[[0m[33mwarn[0m] [0m[0mIn the last 9 seconds, 6.049 (73.3%) were spent in GC. [Heap: 0.00GB free of 0.97GB, max 0.97GB] Consider increasing the JVM heap using `-Xmx` or try a different collector, e.g. `-XX:+UseG1GC`, for better performance.[0m
[0m[[0m[33mwarn[0m] [0m[0mIn the last 9 seconds, 6.155 (75.2%) were spent in GC. [Heap: 0.00GB free of 0.97GB, max 0.97GB] Consider increasing the JVM heap using `-Xmx` or try a different collector, e.g. `-XX:+UseG1GC`, for better performance.[0m
[0m[[0m[33mwarn[0m] [0m[0mIn the last 9 seconds, 6.048 (75.1%) were spent in GC. [Heap: 0.00GB free of 0.97GB, max 0.97GB] Consider increasing the JVM heap using `-Xmx` or try a different collector, e.g. `-XX:+UseG1GC`, for better performance.[0m
[0m[[0m[33mwarn[0m] [0m[0mIn the last 8 seconds, 5.617 (74.9%) were spent in GC. [Heap: 0.00GB free of 0.97GB, max 0.97GB] Consider increasing the JVM heap using `-Xmx` or try a different collector, e.g. `-XX:+UseG1GC`, for better performance.[0m
[0m[[0m[33mwarn[0m] [0m[0mIn the last 10 seconds, 7.516 (80.3%) were spent in GC. [Heap: 0.00GB free of 0.97GB, max 0.97GB] Consider increasing the JVM heap using `-Xmx` or try a different collector, e.g. `-XX:+UseG1GC`, for better performance.[0m
[0m[[0m[33mwarn[0m] [0m[0mIn the last 10 seconds, 7.923 (82.6%) were spent in GC. [Heap: 0.00GB free of 0.97GB, max 0.97GB] Consider increasing the JVM heap using `-Xmx` or try a different collector, e.g. `-XX:+UseG1GC`, for better performance.[0m
[0m[[0m[33mwarn[0m] [0m[0mIn the last 10 seconds, 6.105 (65.4%) were spent in GC. [Heap: 0.00GB free of 0.97GB, max 0.97GB] Consider increasing the JVM heap using `-Xmx` or try a different collector, e.g. `-XX:+UseG1GC`, for better performance.[0m
[0m[[0m[33mwarn[0m] [0m[0mIn the last 9 seconds, 5.598 (68.5%) were spent in GC. [Heap: 0.00GB free of 0.97GB, max 0.97GB] Consider increasing the JVM heap using `-Xmx` or try a different collector, e.g. `-XX:+UseG1GC`, for better performance.[0m
[0m[[0m[33mwarn[0m] [0m[0mIn the last 9 seconds, 6.094 (68.4%) were spent in GC. [Heap: 0.00GB free of 0.97GB, max 0.97GB] Consider increasing the JVM heap using `-Xmx` or try a different collector, e.g. `-XX:+UseG1GC`, for better performance.[0m
[0m[[0m[33mwarn[0m] [0m[0mIn the last 9 seconds, 6.074 (68.9%) were spent in GC. [Heap: 0.00GB free of 0.97GB, max 0.97GB] Consider increasing the JVM heap using `-Xmx` or try a different collector, e.g. `-XX:+UseG1GC`, for better performance.[0m
[0m[[0m[33mwarn[0m] [0m[0mIn the last 9 seconds, 5.585 (64.0%) were spent in GC. [Heap: 0.00GB free of 0.97GB, max 0.97GB] Consider increasing the JVM heap using `-Xmx` or try a different collector, e.g. `-XX:+UseG1GC`, for better performance.[0m
[0m[[0m[33mwarn[0m] [0m[0mIn the last 9 seconds, 6.062 (72.3%) were spent in GC. [Heap: 0.00GB free of 0.97GB, max 0.97GB] Consider increasing the JVM heap using `-Xmx` or try a different collector, e.g. `-XX:+UseG1GC`, for better performance.[0m
[0m[[0m[33mwarn[0m] [0m[0mIn the last 9 seconds, 6.07 (73.4%) were spent in GC. [Heap: 0.00GB free of 0.97GB, max 0.97GB] Consider increasing the JVM heap using `-Xmx` or try a different collector, e.g. `-XX:+UseG1GC`, for better performance.[0m
[0m[[0m[33mwarn[0m] [0m[0mIn the last 9 seconds, 5.585 (67.1%) were spent in GC. [Heap: 0.00GB free of 0.97GB, max 0.97GB] Consider increasing the JVM heap using `-Xmx` or try a different collector, e.g. `-XX:+UseG1GC`, for better performance.[0m
[0m[[0m[33mwarn[0m] [0m[0mIn the last 9 seconds, 6.042 (73.5%) were spent in GC. [Heap: 0.00GB free of 0.97GB, max 0.97GB] Consider increasing the JVM heap using `-Xmx` or try a different collector, e.g. `-XX:+UseG1GC`, for better performance.[0m
[0m[[0m[33mwarn[0m] [0m[0mIn the last 9 seconds, 5.59 (67.5%) were spent in GC. [Heap: 0.00GB free of 0.97GB, max 0.97GB] Consider increasing the JVM heap using `-Xmx` or try a different collector, e.g. `-XX:+UseG1GC`, for better performance.[0m
[0m[[0m[33mwarn[0m] [0m[0mIn the last 10 seconds, 6.055 (61.2%) were spent in GC. [Heap: 0.00GB free of 0.97GB, max 0.97GB] Consider increasing the JVM heap using `-Xmx` or try a different collector, e.g. `-XX:+UseG1GC`, for better performance.[0m
[0m[[0m[33mwarn[0m] [0m[0mIn the last 10 seconds, 5.599 (56.8%) were spent in GC. [Heap: 0.00GB free of 0.97GB, max 0.97GB] Consider increasing the JVM heap using `-Xmx` or try a different collector, e.g. `-XX:+UseG1GC`, for better performance.[0m
[0m[[0m[33mwarn[0m] [0m[0mIn the last 10 seconds, 6.026 (61.8%) were spent in GC. [Heap: 0.00GB free of 0.97GB, max 0.97GB] Consider increasing the JVM heap using `-Xmx` or try a different collector, e.g. `-XX:+UseG1GC`, for better performance.[0m
[0m[[0m[33mwarn[0m] [0m[0mIn the last 10 seconds, 5.535 (56.9%) were spent in GC. [Heap: 0.00GB free of 0.97GB, max 0.97GB] Consider increasing the JVM heap using `-Xmx` or try a different collector, e.g. `-XX:+UseG1GC`, for better performance.[0m
[0m[[0m[33mwarn[0m] [0m[0mIn the last 10 seconds, 6.037 (62.0%) were spent in GC. [Heap: 0.00GB free of 0.97GB, max 0.97GB] Consider increasing the JVM heap using `-Xmx` or try a different collector, e.g. `-XX:+UseG1GC`, for better performance.[0m
[0m[[0m[33mwarn[0m] [0m[0mIn the last 10 seconds, 5.58 (57.1%) were spent in GC. [Heap: 0.00GB free of 0.97GB, max 0.97GB] Consider increasing the JVM heap using `-Xmx` or try a different collector, e.g. `-XX:+UseG1GC`, for better performance.[0m
[0m[[0m[33mwarn[0m] [0m[0mIn the last 10 seconds, 7.925 (80.9%) were spent in GC. [Heap: 0.00GB free of 0.97GB, max 0.97GB] Consider increasing the JVM heap using `-Xmx` or try a different collector, e.g. `-XX:+UseG1GC`, for better performance.[0m
[0m[[0m[33mwarn[0m] [0m[0mIn the last 10 seconds, 6.012 (64.9%) were spent in GC. [Heap: 0.00GB free of 0.97GB, max 0.97GB] Consider increasing the JVM heap using `-Xmx` or try a different collector, e.g. `-XX:+UseG1GC`, for better performance.[0m
[0m[[0m[33mwarn[0m] [0m[0mIn the last 8 seconds, 5.547 (70.3%) were spent in GC. [Heap: 0.00GB free of 0.97GB, max 0.97GB] Consider increasing the JVM heap using `-Xmx` or try a different collector, e.g. `-XX:+UseG1GC`, for better performance.[0m
[0m[[0m[33mwarn[0m] [0m[0mIn the last 10 seconds, 7.872 (85.0%) were spent in GC. [Heap: 0.00GB free of 0.97GB, max 0.97GB] Consider increasing the JVM heap using `-Xmx` or try a different collector, e.g. `-XX:+UseG1GC`, for better performance.[0m
[0m[[0m[33mwarn[0m] [0m[0mIn the last 10 seconds, 7.89 (81.0%) were spent in GC. [Heap: 0.00GB free of 0.97GB, max 0.97GB] Consider increasing the JVM heap using `-Xmx` or try a different collector, e.g. `-XX:+UseG1GC`, for better performance.[0m
[0m[[0m[33mwarn[0m] [0m[0mIn the last 10 seconds, 7.866 (80.7%) were spent in GC. [Heap: 0.00GB free of 0.97GB, max 0.97GB] Consider increasing the JVM heap using `-Xmx` or try a different collector, e.g. `-XX:+UseG1GC`, for better performance.[0m
[0m[[0m[33mwarn[0m] [0m[0mIn the last 10 seconds, 7.41 (76.3%) were spent in GC. [Heap: 0.00GB free of 0.97GB, max 0.97GB] Consider increasing the JVM heap using `-Xmx` or try a different collector, e.g. `-XX:+UseG1GC`, for better performance.[0m
[0m[[0m[33mwarn[0m] [0m[0mIn the last 10 seconds, 7.381 (75.7%) were spent in GC. [Heap: 0.00GB free of 0.97GB, max 0.97GB] Consider increasing the JVM heap using `-Xmx` or try a different collector, e.g. `-XX:+UseG1GC`, for better performance.[0m
[0m[[0m[33mwarn[0m] [0m[0mIn the last 10 seconds, 7.406 (76.0%) were spent in GC. [Heap: 0.00GB free of 0.97GB, max 0.97GB] Consider increasing the JVM heap using `-Xmx` or try a different collector, e.g. `-XX:+UseG1GC`, for better performance.[0m
[0m[[0m[33mwarn[0m] [0m[0mIn the last 10 seconds, 9.245 (100.1%) were spent in GC. [Heap: 0.00GB free of 0.97GB, max 0.97GB] Consider increasing the JVM heap using `-Xmx` or try a different collector, e.g. `-XX:+UseG1GC`, for better performance.[0m
[0m[[0m[33mwarn[0m] [0m[0mIn the last 10 seconds, 9.735 (100.0%) were spent in GC. [Heap: 0.00GB free of 0.97GB, max 0.97GB] Consider increasing the JVM heap using `-Xmx` or try a different collector, e.g. `-XX:+UseG1GC`, for better performance.[0m
[0m[[0m[33mwarn[0m] [0m[0mIn the last 10 seconds, 9.73 (100.0%) were spent in GC. [Heap: 0.00GB free of 0.97GB, max 0.97GB] Consider increasing the JVM heap using `-Xmx` or try a different collector, e.g. `-XX:+UseG1GC`, for better performance.[0m
[0m[[0m[33mwarn[0m] [0m[0mIn the last 10 seconds, 9.281 (100.2%) were spent in GC. [Heap: 0.00GB free of 0.97GB, max 0.97GB] Consider increasing the JVM heap using `-Xmx` or try a different collector, e.g. `-XX:+UseG1GC`, for better performance.[0m
[0m[[0m[33mwarn[0m] [0m[0mIn the last 10 seconds, 9.248 (94.9%) were spent in GC. [Heap: 0.00GB free of 0.97GB, max 0.97GB] Consider increasing the JVM heap using `-Xmx` or try a different collector, e.g. `-XX:+UseG1GC`, for better performance.[0m
[0m[[0m[33mwarn[0m] [0m[0mIn the last 10 seconds, 9.78 (100.4%) were spent in GC. [Heap: 0.00GB free of 0.97GB, max 0.97GB] Consider increasing the JVM heap using `-Xmx` or try a different collector, e.g. `-XX:+UseG1GC`, for better performance.[0m
[0m[[0m[33mwarn[0m] [0m[0mIn the last 10 seconds, 9.732 (105.1%) were spent in GC. [Heap: 0.00GB free of 0.97GB, max 0.97GB] Consider increasing the JVM heap using `-Xmx` or try a different collector, e.g. `-XX:+UseG1GC`, for better performance.[0m
[0m[[0m[33mwarn[0m] [0m[0mIn the last 10 seconds, 9.292 (95.2%) were spent in GC. [Heap: 0.00GB free of 0.97GB, max 0.97GB] Consider increasing the JVM heap using `-Xmx` or try a different collector, e.g. `-XX:+UseG1GC`, for better performance.[0m
[0m[[0m[33mwarn[0m] [0m[0mIn the last 10 seconds, 9.751 (99.8%) were spent in GC. [Heap: 0.00GB free of 0.97GB, max 0.97GB] Consider increasing the JVM heap using `-Xmx` or try a different collector, e.g. `-XX:+UseG1GC`, for better performance.[0m
[0m[[0m[33mwarn[0m] [0m[0mIn the last 10 seconds, 9.269 (100.1%) were spent in GC. [Heap: 0.00GB free of 0.97GB, max 0.97GB] Consider increasing the JVM heap using `-Xmx` or try a different collector, e.g. `-XX:+UseG1GC`, for better performance.[0m
[0m[[0m[33mwarn[0m] [0m[0mIn the last 10 seconds, 9.711 (99.2%) were spent in GC. [Heap: 0.00GB free of 0.97GB, max 0.97GB] Consider increasing the JVM heap using `-Xmx` or try a different collector, e.g. `-XX:+UseG1GC`, for better performance.[0m
[0m[[0m[33mwarn[0m] [0m[0mIn the last 10 seconds, 9.249 (94.5%) were spent in GC. [Heap: 0.00GB free of 0.97GB, max 0.97GB] Consider increasing the JVM heap using `-Xmx` or try a different collector, e.g. `-XX:+UseG1GC`, for better performance.[0m
[0m[[0m[33mwarn[0m] [0m[0mIn the last 10 seconds, 9.259 (99.8%) were spent in GC. [Heap: 0.00GB free of 0.97GB, max 0.97GB] Consider increasing the JVM heap using `-Xmx` or try a different collector, e.g. `-XX:+UseG1GC`, for better performance.[0m
[0m[[0m[33mwarn[0m] [0m[0mIn the last 10 seconds, 9.288 (94.9%) were spent in GC. [Heap: 0.00GB free of 0.97GB, max 0.97GB] Consider increasing the JVM heap using `-Xmx` or try a different collector, e.g. `-XX:+UseG1GC`, for better performance.[0m
[0m[[0m[33mwarn[0m] [0m[0mIn the last 10 seconds, 9.256 (99.4%) were spent in GC. [Heap: 0.00GB free of 0.97GB, max 0.97GB] Consider increasing the JVM heap using `-Xmx` or try a different collector, e.g. `-XX:+UseG1GC`, for better performance.[0m
[0m[[0m[33mwarn[0m] [0m[0mIn the last 10 seconds, 12.976 (133.0%) were spent in GC. [Heap: 0.00GB free of 0.97GB, max 0.97GB] Consider increasing the JVM heap using `-Xmx` or try a different collector, e.g. `-XX:+UseG1GC`, for better performance.[0m
[0m[[0m[33mwarn[0m] [0m[0mIn the last 10 seconds, 12.97 (133.4%) were spent in GC. [Heap: 0.00GB free of 0.97GB, max 0.97GB] Consider increasing the JVM heap using `-Xmx` or try a different collector, e.g. `-XX:+UseG1GC`, for better performance.[0m
[0m[[0m[33mwarn[0m] [0m[0mIn the last 10 seconds, 12.957 (139.7%) were spent in GC. [Heap: 0.00GB free of 0.97GB, max 0.97GB] Consider increasing the JVM heap using `-Xmx` or try a different collector, e.g. `-XX:+UseG1GC`, for better performance.[0m
[0m[[0m[33mwarn[0m] [0m[0mIn the last 10 seconds, 14.82 (152.6%) were spent in GC. [Heap: 0.00GB free of 0.97GB, max 0.97GB] Consider increasing the JVM heap using `-Xmx` or try a different collector, e.g. `-XX:+UseG1GC`, for better performance.[0m
[0m[[0m[33mwarn[0m] [0m[0mIn the last 10 seconds, 16.767 (172.3%) were spent in GC. [Heap: 0.00GB free of 0.97GB, max 0.97GB] Consider increasing the JVM heap using `-Xmx` or try a different collector, e.g. `-XX:+UseG1GC`, for better performance.[0m
[0m[[0m[33mwarn[0m] [0m[0mIn the last 10 seconds, 18.539 (200.1%) were spent in GC. [Heap: 0.00GB free of 0.97GB, max 0.97GB] Consider increasing the JVM heap using `-Xmx` or try a different collector, e.g. `-XX:+UseG1GC`, for better performance.[0m
[0m[[0m[33mwarn[0m] [0m[0mIn the last 10 seconds, 18.525 (190.5%) were spent in GC. [Heap: 0.00GB free of 0.97GB, max 0.97GB] Consider increasing the JVM heap using `-Xmx` or try a different collector, e.g. `-XX:+UseG1GC`, for better performance.[0m
[0m[[0m[33mwarn[0m] [0m[0mIn the last 10 seconds, 18.513 (199.9%) were spent in GC. [Heap: 0.00GB free of 0.97GB, max 0.97GB] Consider increasing the JVM heap using `-Xmx` or try a different collector, e.g. `-XX:+UseG1GC`, for better performance.[0m
[0m[[0m[33mwarn[0m] [0m[0mIn the last 10 seconds, 25.903 (265.0%) were spent in GC. [Heap: 0.00GB free of 0.97GB, max 0.97GB] Consider increasing the JVM heap using `-Xmx` or try a different collector, e.g. `-XX:+UseG1GC`, for better performance.[0m
[0m[[0m[33mwarn[0m] [0m[0mIn the last 10 seconds, 29.684 (319.1%) were spent in GC. [Heap: 0.00GB free of 0.97GB, max 0.97GB] Consider increasing the JVM heap using `-Xmx` or try a different collector, e.g. `-XX:+UseG1GC`, for better performance.[0m
[0m[[0m[33mwarn[0m] [0m[0mIn the last 10 seconds, 44.533 (457.1%) were spent in GC. [Heap: 0.00GB free of 0.97GB, max 0.97GB] Consider increasing the JVM heap using `-Xmx` or try a different collector, e.g. `-XX:+UseG1GC`, for better performance.[0m
[0m[[0m[33mwarn[0m] [0m[0mIn the last 10 seconds, 94.601 (1020.4%) were spent in GC. [Heap: 0.00GB free of 0.97GB, max 0.97GB] Consider increasing the JVM heap using `-Xmx` or try a different collector, e.g. `-XX:+UseG1GC`, for better performance.[0m
[0m[[0m[33mwarn[0m] [0m[0mIn the last 10 seconds, 139.12 (1498.3%) were spent in GC. [Heap: 0.00GB free of 0.97GB, max 0.97GB] Consider increasing the JVM heap using `-Xmx` or try a different collector, e.g. `-XX:+UseG1GC`, for better performance.[0m
[0m[[0m[33mwarn[0m] [0m[0mIn the last 10 seconds, 152.549 (1561.4%) were spent in GC. [Heap: 0.00GB free of 0.97GB, max 0.97GB] Consider increasing the JVM heap using `-Xmx` or try a different collector, e.g. `-XX:+UseG1GC`, for better performance.[0m
[0m[[0m[33mwarn[0m] [0m[0mIn the last 10 seconds, 5.557 (60.0%) were spent in GC. [Heap: 0.00GB free of 0.97GB, max 0.97GB] Consider increasing the JVM heap using `-Xmx` or try a different collector, e.g. `-XX:+UseG1GC`, for better performance.[0m
[0m[[0m[0mdebug[0m] [0m[0mForcing garbage collection...[0m
[0m[[0m[33mwarn[0m] [0m[0mIn the last 6 seconds, 6.06 (109.1%) were spent in GC. [Heap: 0.00GB free of 0.97GB, max 0.97GB] Consider increasing the JVM heap using `-Xmx` or try a different collector, e.g. `-XX:+UseG1GC`, for better performance.[0m
